#
# There is insufficient memory for the Java Runtime Environment to continue.
# Native memory allocation (malloc) failed to allocate 1016976 bytes for Chunk::new
# Possible reasons:
#   The system is out of physical RAM or swap space
#   In 32 bit mode, the process size limit was hit
# Possible solutions:
#   Reduce memory load on the system
#   Increase physical memory or swap space
#   Check if swap backing store is full
#   Use 64 bit Java on a 64 bit OS
#   Decrease Java heap size (-Xmx/-Xms)
#   Decrease number of Java threads
#   Decrease Java thread stack sizes (-Xss)
#   Set larger code cache with -XX:ReservedCodeCacheSize=
# This output file may be truncated or incomplete.
#
#  Out of Memory Error (allocation.cpp:390), pid=5088, tid=268
#
# JRE version: Java(TM) SE Runtime Environment (8.0_45-b15) (build 1.8.0_45-b15)
# Java VM: Java HotSpot(TM) 64-Bit Server VM (25.45-b02 mixed mode windows-amd64 compressed oops)
# Failed to write core dump. Minidumps are not enabled by default on client versions of Windows
#

---------------  T H R E A D  ---------------

Current thread (0x0000000014976800):  JavaThread "C2 CompilerThread1" daemon [_thread_in_native, id=268, stack(0x0000000015f80000,0x0000000016080000)]

Stack: [0x0000000015f80000,0x0000000016080000]
Native frames: (J=compiled Java code, j=interpreted, Vv=VM code, C=native code)
V  [jvm.dll+0x32b57a]
V  [jvm.dll+0x279873]
V  [jvm.dll+0x27a509]
V  [jvm.dll+0x271825]
V  [jvm.dll+0xcb9e2]
V  [jvm.dll+0xcbeac]
V  [jvm.dll+0x49298c]
V  [jvm.dll+0x45f8ca]
V  [jvm.dll+0x46a73b]
V  [jvm.dll+0x46cd52]
V  [jvm.dll+0x4500f2]
V  [jvm.dll+0xa4352]
V  [jvm.dll+0xa4c8f]
V  [jvm.dll+0x241984]
V  [jvm.dll+0x29853a]
C  [msvcr100.dll+0x21d9f]
C  [msvcr100.dll+0x21e3b]
C  [KERNEL32.DLL+0x16ad]
C  [ntdll.dll+0x154e4]


Current CompileTask:
C2:  49933 1790   !   4       com.android.dx.cf.code.RopperMachine::run (1550 bytes)


---------------  P R O C E S S  ---------------

Java Threads: ( => current thread )
  0x0000000016185000 JavaThread "Service Thread" daemon [_thread_blocked, id=8136, stack(0x0000000016580000,0x0000000016680000)]
  0x000000001497c800 JavaThread "C1 CompilerThread2" daemon [_thread_blocked, id=5800, stack(0x0000000016080000,0x0000000016180000)]
=>0x0000000014976800 JavaThread "C2 CompilerThread1" daemon [_thread_in_native, id=268, stack(0x0000000015f80000,0x0000000016080000)]
  0x0000000014929000 JavaThread "C2 CompilerThread0" daemon [_thread_in_native, id=3528, stack(0x0000000015e80000,0x0000000015f80000)]
  0x0000000014927000 JavaThread "Attach Listener" daemon [_thread_blocked, id=7056, stack(0x0000000015d80000,0x0000000015e80000)]
  0x0000000014925800 JavaThread "Signal Dispatcher" daemon [_thread_blocked, id=312, stack(0x0000000015c80000,0x0000000015d80000)]
  0x00000000021a6800 JavaThread "Finalizer" daemon [_thread_blocked, id=2488, stack(0x0000000015b80000,0x0000000015c80000)]
  0x000000000219d800 JavaThread "Reference Handler" daemon [_thread_blocked, id=6040, stack(0x0000000015a80000,0x0000000015b80000)]
  0x000000000096d800 JavaThread "main" [_thread_in_native, id=2980, stack(0x0000000000800000,0x0000000000900000)]

Other Threads:
  0x00000000148e8000 VMThread [stack: 0x0000000015980000,0x0000000015a80000] [id=6024]
  0x0000000016187000 WatcherThread [stack: 0x0000000016680000,0x0000000016780000] [id=5172]

VM state:not at safepoint (normal execution)

VM Mutex/Monitor currently owned by a thread: None

Heap:
 PSYoungGen      total 74752K, used 43700K [0x00000000eab00000, 0x00000000f2000000, 0x0000000100000000)
  eden space 41472K, 32% used [0x00000000eab00000,0x00000000eb83d118,0x00000000ed380000)
  from space 33280K, 90% used [0x00000000ef780000,0x00000000f14f01a0,0x00000000f1800000)
  to   space 36864K, 0% used [0x00000000ed380000,0x00000000ed380000,0x00000000ef780000)
 ParOldGen       total 86016K, used 47008K [0x00000000c0000000, 0x00000000c5400000, 0x00000000eab00000)
  object space 86016K, 54% used [0x00000000c0000000,0x00000000c2de8008,0x00000000c5400000)
 Metaspace       used 6776K, capacity 7544K, committed 7680K, reserved 1056768K
  class space    used 634K, capacity 688K, committed 768K, reserved 1048576K

Card table byte_map: [0x0000000011610000,0x0000000011820000] byte_map_base: 0x0000000011010000

Marking Bits: (ParMarkBitMap*) 0x000000006cf04040
 Begin Bits: [0x0000000011d80000, 0x0000000012d80000)
 End Bits:   [0x0000000012d80000, 0x0000000013d80000)

Polling page: 0x0000000000680000

CodeCache: size=245760Kb used=7499Kb max_used=8386Kb free=238260Kb
 bounds [0x0000000002250000, 0x0000000002ab0000, 0x0000000011250000]
 total_blobs=2193 nmethods=1917 adapters=189
 compilation: enabled

Compilation events (10 events):
Event: 37.369 Thread 0x0000000014929000 nmethod 1811 0x0000000002383210 code [0x0000000002383360, 0x0000000002383418]
Event: 37.399 Thread 0x000000001497c800 1814       3       com.android.dx.ssa.back.FirstFitLocalCombiningAllocator::findRopRegForLocal (74 bytes)
Event: 37.401 Thread 0x000000001497c800 nmethod 1814 0x000000000239a9d0 code [0x000000000239aba0, 0x000000000239b288]
Event: 37.402 Thread 0x000000001497c800 1815       3       com.android.dx.ssa.back.FirstFitLocalCombiningAllocator::canMapRegs (60 bytes)
Event: 37.406 Thread 0x000000001497c800 nmethod 1815 0x00000000024322d0 code [0x0000000002432540, 0x0000000002433588]
Event: 37.408 Thread 0x000000001497c800 1816       3       com.android.dx.rop.code.PlainInsn::<init> (13 bytes)
Event: 37.410 Thread 0x000000001497c800 nmethod 1816 0x000000000243d790 code [0x000000000243d980, 0x000000000243e338]
Event: 37.411 Thread 0x000000001497c800 1817       3       com.android.dx.ssa.LocalVariableInfo::addAssignment (43 bytes)
Event: 37.412 Thread 0x000000001497c800 nmethod 1817 0x0000000002424310 code [0x0000000002424500, 0x0000000002424d88]
Event: 37.413 Thread 0x0000000014929000 1818       4       com.android.dx.ssa.SCCP::simulateBlock (54 bytes)

GC Heap History (10 events):
Event: 13.293 GC heap before
{Heap before GC invocations=4 (full 1):
 PSYoungGen      total 26112K, used 1515K [0x00000000eab00000, 0x00000000ede00000, 0x0000000100000000)
  eden space 24576K, 0% used [0x00000000eab00000,0x00000000eab00000,0x00000000ec300000)
  from space 1536K, 98% used [0x00000000ec300000,0x00000000ec47ae30,0x00000000ec480000)
  to   space 1536K, 0% used [0x00000000edc80000,0x00000000edc80000,0x00000000ede00000)
 ParOldGen       total 31744K, used 18685K [0x00000000c0000000, 0x00000000c1f00000, 0x00000000eab00000)
  object space 31744K, 58% used [0x00000000c0000000,0x00000000c123f740,0x00000000c1f00000)
 Metaspace       used 5801K, capacity 6832K, committed 7040K, reserved 1056768K
  class space    used 581K, capacity 616K, committed 640K, reserved 1048576K
Event: 18.137 GC heap after
Heap after GC invocations=4 (full 1):
 PSYoungGen      total 26112K, used 0K [0x00000000eab00000, 0x00000000ede00000, 0x0000000100000000)
  eden space 24576K, 0% used [0x00000000eab00000,0x00000000eab00000,0x00000000ec300000)
  from space 1536K, 0% used [0x00000000ec300000,0x00000000ec300000,0x00000000ec480000)
  to   space 1536K, 0% used [0x00000000edc80000,0x00000000edc80000,0x00000000ede00000)
 ParOldGen       total 51200K, used 18783K [0x00000000c0000000, 0x00000000c3200000, 0x00000000eab00000)
  object space 51200K, 36% used [0x00000000c0000000,0x00000000c1257dd0,0x00000000c3200000)
 Metaspace       used 5801K, capacity 6832K, committed 7040K, reserved 1056768K
  class space    used 581K, capacity 616K, committed 640K, reserved 1048576K
}
Event: 19.492 GC heap before
{Heap before GC invocations=5 (full 1):
 PSYoungGen      total 26112K, used 24576K [0x00000000eab00000, 0x00000000ede00000, 0x0000000100000000)
  eden space 24576K, 100% used [0x00000000eab00000,0x00000000ec300000,0x00000000ec300000)
  from space 1536K, 0% used [0x00000000ec300000,0x00000000ec300000,0x00000000ec480000)
  to   space 1536K, 0% used [0x00000000edc80000,0x00000000edc80000,0x00000000ede00000)
 ParOldGen       total 51200K, used 18783K [0x00000000c0000000, 0x00000000c3200000, 0x00000000eab00000)
  object space 51200K, 36% used [0x00000000c0000000,0x00000000c1257dd0,0x00000000c3200000)
 Metaspace       used 5809K, capacity 6832K, committed 7040K, reserved 1056768K
  class space    used 581K, capacity 616K, committed 640K, reserved 1048576K
Event: 19.533 GC heap after
Heap after GC invocations=5 (full 1):
 PSYoungGen      total 37888K, used 1536K [0x00000000eab00000, 0x00000000ede00000, 0x0000000100000000)
  eden space 36352K, 0% used [0x00000000eab00000,0x00000000eab00000,0x00000000ece80000)
  from space 1536K, 100% used [0x00000000edc80000,0x00000000ede00000,0x00000000ede00000)
  to   space 1536K, 0% used [0x00000000edb00000,0x00000000edb00000,0x00000000edc80000)
 ParOldGen       total 51200K, used 29614K [0x00000000c0000000, 0x00000000c3200000, 0x00000000eab00000)
  object space 51200K, 57% used [0x00000000c0000000,0x00000000c1ceb870,0x00000000c3200000)
 Metaspace       used 5809K, capacity 6832K, committed 7040K, reserved 1056768K
  class space    used 581K, capacity 616K, committed 640K, reserved 1048576K
}
Event: 21.848 GC heap before
{Heap before GC invocations=6 (full 1):
 PSYoungGen      total 37888K, used 37888K [0x00000000eab00000, 0x00000000ede00000, 0x0000000100000000)
  eden space 36352K, 100% used [0x00000000eab00000,0x00000000ece80000,0x00000000ece80000)
  from space 1536K, 100% used [0x00000000edc80000,0x00000000ede00000,0x00000000ede00000)
  to   space 1536K, 0% used [0x00000000edb00000,0x00000000edb00000,0x00000000edc80000)
 ParOldGen       total 51200K, used 29614K [0x00000000c0000000, 0x00000000c3200000, 0x00000000eab00000)
  object space 51200K, 57% used [0x00000000c0000000,0x00000000c1ceb870,0x00000000c3200000)
 Metaspace       used 5843K, capacity 6896K, committed 7040K, reserved 1056768K
  class space    used 583K, capacity 616K, committed 640K, reserved 1048576K
Event: 21.996 GC heap after
Heap after GC invocations=6 (full 1):
 PSYoungGen      total 50688K, used 1536K [0x00000000eab00000, 0x00000000f0380000, 0x0000000100000000)
  eden space 49152K, 0% used [0x00000000eab00000,0x00000000eab00000,0x00000000edb00000)
  from space 1536K, 100% used [0x00000000edb00000,0x00000000edc80000,0x00000000edc80000)
  to   space 19456K, 0% used [0x00000000ef080000,0x00000000ef080000,0x00000000f0380000)
 ParOldGen       total 51200K, used 42076K [0x00000000c0000000, 0x00000000c3200000, 0x00000000eab00000)
  object space 51200K, 82% used [0x00000000c0000000,0x00000000c29172c0,0x00000000c3200000)
 Metaspace       used 5843K, capacity 6896K, committed 7040K, reserved 1056768K
  class space    used 583K, capacity 616K, committed 640K, reserved 1048576K
}
Event: 21.996 GC heap before
{Heap before GC invocations=7 (full 2):
 PSYoungGen      total 50688K, used 1536K [0x00000000eab00000, 0x00000000f0380000, 0x0000000100000000)
  eden space 49152K, 0% used [0x00000000eab00000,0x00000000eab00000,0x00000000edb00000)
  from space 1536K, 100% used [0x00000000edb00000,0x00000000edc80000,0x00000000edc80000)
  to   space 19456K, 0% used [0x00000000ef080000,0x00000000ef080000,0x00000000f0380000)
 ParOldGen       total 51200K, used 42076K [0x00000000c0000000, 0x00000000c3200000, 0x00000000eab00000)
  object space 51200K, 82% used [0x00000000c0000000,0x00000000c29172c0,0x00000000c3200000)
 Metaspace       used 5843K, capacity 6896K, committed 7040K, reserved 1056768K
  class space    used 583K, capacity 616K, committed 640K, reserved 1048576K
Event: 27.780 GC heap after
Heap after GC invocations=7 (full 2):
 PSYoungGen      total 50688K, used 0K [0x00000000eab00000, 0x00000000f0380000, 0x0000000100000000)
  eden space 49152K, 0% used [0x00000000eab00000,0x00000000eab00000,0x00000000edb00000)
  from space 1536K, 0% used [0x00000000edb00000,0x00000000edb00000,0x00000000edc80000)
  to   space 19456K, 0% used [0x00000000ef080000,0x00000000ef080000,0x00000000f0380000)
 ParOldGen       total 86016K, used 36757K [0x00000000c0000000, 0x00000000c5400000, 0x00000000eab00000)
  object space 86016K, 42% used [0x00000000c0000000,0x00000000c23e56a0,0x00000000c5400000)
 Metaspace       used 5843K, capacity 6896K, committed 7040K, reserved 1056768K
  class space    used 583K, capacity 616K, committed 640K, reserved 1048576K
}
Event: 35.040 GC heap before
{Heap before GC invocations=8 (full 2):
 PSYoungGen      total 50688K, used 49152K [0x00000000eab00000, 0x00000000f0380000, 0x0000000100000000)
  eden space 49152K, 100% used [0x00000000eab00000,0x00000000edb00000,0x00000000edb00000)
  from space 1536K, 0% used [0x00000000edb00000,0x00000000edb00000,0x00000000edc80000)
  to   space 19456K, 0% used [0x00000000ef080000,0x00000000ef080000,0x00000000f0380000)
 ParOldGen       total 86016K, used 36757K [0x00000000c0000000, 0x00000000c5400000, 0x00000000eab00000)
  object space 86016K, 42% used [0x00000000c0000000,0x00000000c23e56a0,0x00000000c5400000)
 Metaspace       used 5982K, capacity 6960K, committed 7040K, reserved 1056768K
  class space    used 588K, capacity 616K, committed 640K, reserved 1048576K
Event: 35.626 GC heap after
Heap after GC invocations=8 (full 2):
 PSYoungGen      total 69120K, used 16868K [0x00000000eab00000, 0x00000000f1180000, 0x0000000100000000)
  eden space 49664K, 0% used [0x00000000eab00000,0x00000000eab00000,0x00000000edb80000)
  from space 19456K, 86% used [0x00000000ef080000,0x00000000f00f92d8,0x00000000f0380000)
  to   space 21504K, 0% used [0x00000000edb80000,0x00000000edb80000,0x00000000ef080000)
 ParOldGen       total 86016K, used 36765K [0x00000000c0000000, 0x00000000c5400000, 0x00000000eab00000)
  object space 86016K, 42% used [0x00000000c0000000,0x00000000c23e76a0,0x00000000c5400000)
 Metaspace       used 5982K, capacity 6960K, committed 7040K, reserved 1056768K
  class space    used 588K, capacity 616K, committed 640K, reserved 1048576K
}

Deoptimization events (10 events):
Event: 32.701 Thread 0x00000000163f1800 Uncommon trap: reason=unstable_if action=reinterpret pc=0x00000000027455c4 method=java.util.BitSet.clone()Ljava/lang/Object; @ 4
Event: 32.704 Thread 0x00000000163f1800 Uncommon trap: reason=unstable_if action=reinterpret pc=0x00000000028bb0f4 method=com.android.dx.rop.cst.CstLiteral32.equals(Ljava/lang/Object;)Z @ 26
Event: 32.711 Thread 0x00000000163f1800 Uncommon trap: reason=unstable_if action=reinterpret pc=0x0000000002809b08 method=java.util.BitSet.clone()Ljava/lang/Object; @ 4
Event: 33.657 Thread 0x00000000162de000 Uncommon trap: reason=unstable_if action=reinterpret pc=0x00000000028c60e8 method=com.android.dx.dex.code.RopTranslator.getRegs(Lcom/android/dx/rop/code/Insn;Lcom/android/dx/rop/code/RegisterSpec;)Lcom/android/dx/rop/code/RegisterSpecList; @ 12
Event: 33.666 Thread 0x00000000162de000 Uncommon trap: reason=unstable_if action=reinterpret pc=0x0000000002766024 method=com.android.dx.rop.code.RegisterSpecSet.intersect(Lcom/android/dx/rop/code/RegisterSpecSet;Z)V @ 73
Event: 34.013 Thread 0x00000000163f1800 Uncommon trap: reason=class_check action=maybe_recompile pc=0x0000000002a46c14 method=com.android.dx.cf.code.RopperMachine.run(Lcom/android/dx/cf/code/Frame;II)V @ 988
Event: 34.013 Thread 0x00000000163f1800 Uncommon trap: reason=class_check action=maybe_recompile pc=0x0000000002a46c14 method=com.android.dx.cf.code.RopperMachine.run(Lcom/android/dx/cf/code/Frame;II)V @ 988
Event: 34.017 Thread 0x00000000163f1800 Uncommon trap: reason=unstable_if action=reinterpret pc=0x0000000002866f70 method=com.android.dx.dex.code.RopTranslator.getRegs(Lcom/android/dx/rop/code/Insn;Lcom/android/dx/rop/code/RegisterSpec;)Lcom/android/dx/rop/code/RegisterSpecList; @ 12
Event: 36.918 Thread 0x00000000163f1800 Uncommon trap: reason=class_check action=maybe_recompile pc=0x0000000002a46c14 method=com.android.dx.cf.code.RopperMachine.run(Lcom/android/dx/cf/code/Frame;II)V @ 988
Event: 36.918 Thread 0x00000000163f1800 Uncommon trap: reason=class_check action=maybe_recompile pc=0x0000000002a46c14 method=com.android.dx.cf.code.RopperMachine.run(Lcom/android/dx/cf/code/Frame;II)V @ 988

Internal exceptions (3 events):
Event: 0.111 Thread 0x000000000096d800 Exception <a 'java/lang/NoSuchMethodError': Method sun.misc.Unsafe.defineClass(Ljava/lang/String;[BII)Ljava/lang/Class; name or signature does not match> (0x00000000eab0d548) thrown at [C:\re\workspace\8-2-build-windows-amd64-cygwin\jdk8u45\3627\hotspot\srº÷àŒÅ†¼?
Event: 0.111 Thread 0x000000000096d800 Exception <a 'java/lang/NoSuchMethodError': Method sun.misc.Unsafe.prefetchRead(Ljava/lang/Object;J)V name or signature does not match> (0x00000000eab0d7d8) thrown at [C:\re\workspace\8-2-build-windows-amd64-cygwin\jdk8u45\3627\hotspot\src\share\vm\prims\jkbüœ¼€@
Event: 6.876 Thread 0x00000000162de000 Implicit null exception at 0x00000000025ac1bc to 0x00000000025adc3d

Events (10 events):
Event: 37.009 Thread 0x000000001497c800 flushing nmethod 0x0000000002638250
Event: 37.027 Thread 0x0000000014976800 flushing nmethod 0x000000000267a690
Event: 37.027 Thread 0x0000000014976800 flushing nmethod 0x00000000026836d0
Event: 37.027 Thread 0x0000000014976800 flushing nmethod 0x0000000002690550
Event: 37.027 Thread 0x0000000014976800 flushing nmethod 0x0000000002691e10
Event: 37.027 Thread 0x0000000014976800 flushing nmethod 0x0000000002693550
Event: 37.027 Thread 0x0000000014976800 flushing nmethod 0x0000000002694210
Event: 37.027 Thread 0x0000000014976800 flushing nmethod 0x00000000026952d0
Event: 37.037 Thread 0x0000000014976800 flushing nmethod 0x00000000026b9650
Event: 37.037 Thread 0x0000000014976800 flushing nmethod 0x00000000026c1fd0


Dynamic libraries:
0x00007ff7eae20000 - 0x00007ff7eae57000 	C:\Program Files\Java\jdk1.8.0_45\bin\java.exe
0x00007ffbedd80000 - 0x00007ffbedf2d000 	C:\Windows\SYSTEM32\ntdll.dll
0x00007ffbec400000 - 0x00007ffbec53a000 	C:\Windows\system32\KERNEL32.DLL
0x00007ffbdfae0000 - 0x00007ffbdfb12000 	C:\Program Files (x86)\AVG\AVG2015\avghooka.dll
0x00007ffbe9fd0000 - 0x00007ffbea0e5000 	C:\Windows\system32\KERNELBASE.dll
0x00007ffbe8a80000 - 0x00007ffbe8b08000 	C:\Windows\system32\apphelp.dll
0x00007ffbe5c30000 - 0x00007ffbe5c7f000 	C:\Windows\AppPatch\AppPatch64\AcGenral.DLL
0x00007ffbea440000 - 0x00007ffbea4e7000 	C:\Windows\system32\msvcrt.dll
0x00007ffbe9be0000 - 0x00007ffbe9c0b000 	C:\Windows\SYSTEM32\SspiCli.dll
0x00007ffbec210000 - 0x00007ffbec261000 	C:\Windows\system32\SHLWAPI.dll
0x00007ffbec030000 - 0x00007ffbec1a1000 	C:\Windows\system32\USER32.dll
0x00007ffbec280000 - 0x00007ffbec3f8000 	C:\Windows\system32\ole32.dll
0x00007ffbeab30000 - 0x00007ffbebf47000 	C:\Windows\system32\SHELL32.dll
0x00007ffbe93e0000 - 0x00007ffbe93fe000 	C:\Windows\SYSTEM32\USERENV.dll
0x00007ffbea770000 - 0x00007ffbea81a000 	C:\Windows\system32\ADVAPI32.dll
0x00007ffbddd60000 - 0x00007ffbddd7b000 	C:\Windows\SYSTEM32\MPR.dll
0x00007ffbea880000 - 0x00007ffbea9b6000 	C:\Windows\system32\RPCRT4.dll
0x00007ffbea3e0000 - 0x00007ffbea437000 	C:\Windows\SYSTEM32\sechost.dll
0x00007ffbec540000 - 0x00007ffbec751000 	C:\Windows\SYSTEM32\combase.dll
0x00007ffbea9d0000 - 0x00007ffbeab20000 	C:\Windows\system32\GDI32.dll
0x00007ffbe9e00000 - 0x00007ffbe9e14000 	C:\Windows\SYSTEM32\profapi.dll
0x00007ffbe84c0000 - 0x00007ffbe855f000 	C:\Windows\SYSTEM32\SHCORE.dll
0x00007ffbea4f0000 - 0x00007ffbea524000 	C:\Windows\system32\IMM32.DLL
0x00007ffbec7c0000 - 0x00007ffbec911000 	C:\Windows\system32\MSCTF.dll
0x00007ffbe7e40000 - 0x00007ffbe80ba000 	C:\Windows\WinSxS\amd64_microsoft.windows.common-controls_6595b64144ccf1df_6.0.9600.17810_none_6240b9c7ecbd0bda\COMCTL32.dll
0x000000006c280000 - 0x000000006c352000 	C:\Program Files\Java\jdk1.8.0_45\jre\bin\msvcr100.dll
0x000000006c700000 - 0x000000006cf83000 	C:\Program Files\Java\jdk1.8.0_45\jre\bin\server\jvm.dll
0x00007ffbe8970000 - 0x00007ffbe8979000 	C:\Windows\SYSTEM32\WSOCK32.dll
0x00007ffbe2a50000 - 0x00007ffbe2a6f000 	C:\Windows\SYSTEM32\WINMM.dll
0x00007ffbe2cc0000 - 0x00007ffbe2cca000 	C:\Windows\SYSTEM32\VERSION.dll
0x00007ffbea9c0000 - 0x00007ffbea9c7000 	C:\Windows\system32\PSAPI.DLL
0x00007ffbec760000 - 0x00007ffbec7b8000 	C:\Windows\system32\WS2_32.dll
0x00007ffbe2a20000 - 0x00007ffbe2a4a000 	C:\Windows\SYSTEM32\WINMMBASE.dll
0x00007ffbea320000 - 0x00007ffbea329000 	C:\Windows\system32\NSI.dll
0x00007ffbea0f0000 - 0x00007ffbea13a000 	C:\Windows\SYSTEM32\cfgmgr32.dll
0x00007ffbe8c80000 - 0x00007ffbe8ca6000 	C:\Windows\SYSTEM32\DEVOBJ.dll
0x000000006c6f0000 - 0x000000006c6ff000 	C:\Program Files\Java\jdk1.8.0_45\jre\bin\verify.dll
0x000000006c6c0000 - 0x000000006c6e9000 	C:\Program Files\Java\jdk1.8.0_45\jre\bin\java.dll
0x000000006c6a0000 - 0x000000006c6b6000 	C:\Program Files\Java\jdk1.8.0_45\jre\bin\zip.dll
0x00007ffbe6a30000 - 0x00007ffbe6bb8000 	C:\Windows\SYSTEM32\dbghelp.dll

VM Arguments:
jvm_args: -Djava.awt.headless=true -Xmx1024M -Dfile.encoding=windows-1252 -Duser.country=ZA -Duser.language=en -Duser.variant 
java_command: com.android.dx.command.Main --dex --force-jumbo --num-threads=4 --output C:\Users\Osman\Desktop\ANDROID 6.3\RestaurantMSAndroid\app\build\intermediates\pre-dexed\debug\main_fe5434ac74300d5c44693de8eb365560ed2b8645.jar C:\Users\Osman\Desktop\ANDROID 6.3\RestaurantMSAndroid\app\build\intermediates\transforms\instantRun\debug\folders\1\5\main
java_class_path (initial): C:\Users\Osman\AppData\Local\Android\Sdk\build-tools\23.0.3\lib\dx.jar
Launcher Type: SUN_STANDARD

Environment Variables:
PATH=C:\oraclexe\app\oracle\product\11.2.0\server\bin;;C:\ProgramData\Oracle\Java\javapath;C:\app\client\Malikah Osmen\product\12.1.0\client_4;C:\app\client\Malikah Osmen\product\12.1.0\client_4\bin;C:\app\client\Malikah Osmen\product\12.1.0\client_3;C:\app\client\Malikah Osmen\product\12.1.0\client_3\bin;C:\app\client\Malikah Osmen\product\12.1.0\client_2;C:\app\client\Malikah Osmen\product\12.1.0\client_2\bin;C:\app\client\Malikah Osmen\product\12.1.0\client_1;C:\app\client\Malikah Osmen\product\12.1.0\client_1\bin;C:\oraclexe\app\oracle\product\11.2.0\server\bin;C:\Windows\system32;C:\Windows;C:\Windows\System32\Wbem;C:\Windows\System32\WindowsPowerShell\v1.0\;C:\Program Files\Microsoft SQL Server\110\Tools\Binn\;C:\Program Files (x86)\Git\cmd;C:\Program Files\Microsoft\Web Platform Installer\;C:\Program Files (x86)\Microsoft ASP.NET\ASP.NET Web Pages\v1.0\;C:\Program Files (x86)\Windows Kits\8.0\Windows Performance Toolkit\;c:\Program Files (x86)\Microsoft SQL Server\100\Tools\Binn\;c:\Program Files\Microsoft SQL Server\100\Tools\Binn\;c:\Program Files\Microsoft SQL Server\100\DTS\Binn\
USERNAME=Osman
OS=Windows_NT
PROCESSOR_IDENTIFIER=Intel64 Family 6 Model 37 Stepping 5, GenuineIntel



---------------  S Y S T E M  ---------------

OS: Windows 8.1 , 64 bit Build 9600 (6.3.9600.17056)

CPU:total 4 (2 cores per cpu, 2 threads per core) family 6 model 37 stepping 5, cmov, cx8, fxsr, mmx, sse, sse2, sse3, ssse3, sse4.1, sse4.2, popcnt, ht, tsc, tscinvbit

Memory: 4k page, physical 2939596k(391828k free), swap 6085324k(437112k free)

vm_info: Java HotSpot(TM) 64-Bit Server VM (25.45-b02) for windows-amd64 JRE (1.8.0_45-b15), built on Apr 30 2015 12:40:44 by "java_re" with MS VC++ 10.0 (VS2010)

time: Fri Jun 10 15:19:18 2016
elapsed time: 50 seconds (0d 0h 0m 50s)

