#
# There is insufficient memory for the Java Runtime Environment to continue.
# Native memory allocation (malloc) failed to allocate 814176 bytes for Chunk::new
# Possible reasons:
#   The system is out of physical RAM or swap space
#   In 32 bit mode, the process size limit was hit
# Possible solutions:
#   Reduce memory load on the system
#   Increase physical memory or swap space
#   Check if swap backing store is full
#   Use 64 bit Java on a 64 bit OS
#   Decrease Java heap size (-Xmx/-Xms)
#   Decrease number of Java threads
#   Decrease Java thread stack sizes (-Xss)
#   Set larger code cache with -XX:ReservedCodeCacheSize=
# This output file may be truncated or incomplete.
#
#  Out of Memory Error (allocation.cpp:390), pid=7332, tid=1696
#
# JRE version: Java(TM) SE Runtime Environment (8.0_45-b15) (build 1.8.0_45-b15)
# Java VM: Java HotSpot(TM) 64-Bit Server VM (25.45-b02 mixed mode windows-amd64 compressed oops)
# Failed to write core dump. Minidumps are not enabled by default on client versions of Windows
#

---------------  T H R E A D  ---------------

Current thread (0x0000000015499000):  JavaThread "C2 CompilerThread0" daemon [_thread_in_native, id=1696, stack(0x00000000169f0000,0x0000000016af0000)]

Stack: [0x00000000169f0000,0x0000000016af0000]
Native frames: (J=compiled Java code, j=interpreted, Vv=VM code, C=native code)
V  [jvm.dll+0x32b57a]
V  [jvm.dll+0x279873]
V  [jvm.dll+0x27a509]
V  [jvm.dll+0x271825]
V  [jvm.dll+0xcb9e2]
V  [jvm.dll+0xcbeac]
V  [jvm.dll+0x476ef2]
V  [jvm.dll+0x4b955f]
V  [jvm.dll+0x46bf81]
V  [jvm.dll+0x46ccbe]
V  [jvm.dll+0x4500f2]
V  [jvm.dll+0xa4352]
V  [jvm.dll+0xa4c8f]
V  [jvm.dll+0x241984]
V  [jvm.dll+0x29853a]
C  [msvcr100.dll+0x21d9f]
C  [msvcr100.dll+0x21e3b]
C  [KERNEL32.DLL+0x16ad]
C  [ntdll.dll+0x154e4]


Current CompileTask:
C2:  49892 2023       4       com.android.dx.ssa.LocalVariableExtractor::processBlock (383 bytes)


---------------  P R O C E S S  ---------------

Java Threads: ( => current thread )
  0x0000000016cf5800 JavaThread "Service Thread" daemon [_thread_blocked, id=7772, stack(0x00000000170f0000,0x00000000171f0000)]
  0x00000000154ec800 JavaThread "C1 CompilerThread2" daemon [_thread_in_native, id=5512, stack(0x0000000016bf0000,0x0000000016cf0000)]
  0x00000000154e6800 JavaThread "C2 CompilerThread1" daemon [_thread_in_native, id=6636, stack(0x0000000016af0000,0x0000000016bf0000)]
=>0x0000000015499000 JavaThread "C2 CompilerThread0" daemon [_thread_in_native, id=1696, stack(0x00000000169f0000,0x0000000016af0000)]
  0x0000000015497000 JavaThread "Attach Listener" daemon [_thread_blocked, id=5000, stack(0x00000000168f0000,0x00000000169f0000)]
  0x0000000015495800 JavaThread "Signal Dispatcher" daemon [_thread_blocked, id=996, stack(0x00000000167f0000,0x00000000168f0000)]
  0x0000000002db6800 JavaThread "Finalizer" daemon [_thread_blocked, id=5856, stack(0x00000000166f0000,0x00000000167f0000)]
  0x0000000002dae800 JavaThread "Reference Handler" daemon [_thread_blocked, id=5072, stack(0x00000000165f0000,0x00000000166f0000)]
  0x0000000002bbd800 JavaThread "main" [_thread_in_native, id=5772, stack(0x0000000002bc0000,0x0000000002cc0000)]

Other Threads:
  0x0000000015457000 VMThread [stack: 0x00000000164f0000,0x00000000165f0000] [id=7980]
  0x0000000016cf8000 WatcherThread [stack: 0x00000000171f0000,0x00000000172f0000] [id=6432]

VM state:not at safepoint (normal execution)

VM Mutex/Monitor currently owned by a thread: None

Heap:
 PSYoungGen      total 178176K, used 77313K [0x00000000eab00000, 0x00000000f8180000, 0x0000000100000000)
  eden space 171008K, 41% used [0x00000000eab00000,0x00000000eef907a8,0x00000000f5200000)
  from space 7168K, 99% used [0x00000000f7a80000,0x00000000f8170000,0x00000000f8180000)
  to   space 17920K, 0% used [0x00000000f5e80000,0x00000000f5e80000,0x00000000f7000000)
 ParOldGen       total 58880K, used 31789K [0x00000000c0000000, 0x00000000c3980000, 0x00000000eab00000)
  object space 58880K, 53% used [0x00000000c0000000,0x00000000c1f0b4a0,0x00000000c3980000)
 Metaspace       used 6705K, capacity 7352K, committed 7680K, reserved 1056768K
  class space    used 656K, capacity 688K, committed 768K, reserved 1048576K

Card table byte_map: [0x0000000012180000,0x0000000012390000] byte_map_base: 0x0000000011b80000

Marking Bits: (ParMarkBitMap*) 0x000000006cf04040
 Begin Bits: [0x00000000128f0000, 0x00000000138f0000)
 End Bits:   [0x00000000138f0000, 0x00000000148f0000)

Polling page: 0x0000000002ab0000

CodeCache: size=245760Kb used=8942Kb max_used=8961Kb free=236817Kb
 bounds [0x0000000002dc0000, 0x0000000003690000, 0x0000000011dc0000]
 total_blobs=2158 nmethods=1882 adapters=189
 compilation: enabled

Compilation events (10 events):
Event: 36.078 Thread 0x0000000015499000 nmethod 2014 0x0000000002f0c2d0 code [0x0000000002f0c400, 0x0000000002f0c498]
Event: 36.082 Thread 0x0000000015499000 2015       4       com.android.dx.ssa.BasicRegisterMapper::addMapping (68 bytes)
Event: 36.104 Thread 0x0000000015499000 nmethod 2015 0x0000000003636490 code [0x00000000036365e0, 0x0000000003636a98]
Event: 36.107 Thread 0x0000000015499000 2016       4       com.android.dx.rop.cst.CstLiteral32::equals (35 bytes)
Event: 36.110 Thread 0x0000000015499000 nmethod 2016 0x0000000003637050 code [0x0000000003637180, 0x0000000003637258]
Event: 36.114 Thread 0x0000000015499000 2017 %     4       com.android.dx.ssa.back.IdenticalBlockCombiner::process @ 79 (323 bytes)
Event: 36.520 Thread 0x0000000015499000 nmethod 2017% 0x000000000367c490 code [0x000000000367c740, 0x000000000367efe8]
Event: 36.521 Thread 0x0000000015499000 2018       4       com.android.dx.ssa.back.IdenticalBlockCombiner::process (323 bytes)
Event: 36.964 Thread 0x0000000015499000 nmethod 2018 0x0000000003686050 code [0x00000000036862e0, 0x0000000003688e68]
Event: 36.966 Thread 0x0000000015499000 2023       4       com.android.dx.ssa.LocalVariableExtractor::processBlock (383 bytes)

GC Heap History (10 events):
Event: 14.957 GC heap before
{Heap before GC invocations=2 (full 0):
 PSYoungGen      total 13824K, used 13795K [0x00000000eab00000, 0x00000000ec600000, 0x0000000100000000)
  eden space 12288K, 100% used [0x00000000eab00000,0x00000000eb700000,0x00000000eb700000)
  from space 1536K, 98% used [0x00000000eb700000,0x00000000eb878e60,0x00000000eb880000)
  to   space 1536K, 0% used [0x00000000ec480000,0x00000000ec480000,0x00000000ec600000)
 ParOldGen       total 31744K, used 626K [0x00000000c0000000, 0x00000000c1f00000, 0x00000000eab00000)
  object space 31744K, 1% used [0x00000000c0000000,0x00000000c009cb98,0x00000000c1f00000)
 Metaspace       used 5836K, capacity 6832K, committed 7040K, reserved 1056768K
  class space    used 592K, capacity 616K, committed 640K, reserved 1048576K
Event: 15.088 GC heap after
Heap after GC invocations=2 (full 0):
 PSYoungGen      total 26112K, used 1530K [0x00000000eab00000, 0x00000000ec600000, 0x0000000100000000)
  eden space 24576K, 0% used [0x00000000eab00000,0x00000000eab00000,0x00000000ec300000)
  from space 1536K, 99% used [0x00000000ec480000,0x00000000ec5fea80,0x00000000ec600000)
  to   space 1536K, 0% used [0x00000000ec300000,0x00000000ec300000,0x00000000ec480000)
 ParOldGen       total 31744K, used 3037K [0x00000000c0000000, 0x00000000c1f00000, 0x00000000eab00000)
  object space 31744K, 9% used [0x00000000c0000000,0x00000000c02f74d0,0x00000000c1f00000)
 Metaspace       used 5836K, capacity 6832K, committed 7040K, reserved 1056768K
  class space    used 592K, capacity 616K, committed 640K, reserved 1048576K
}
Event: 18.026 GC heap before
{Heap before GC invocations=3 (full 0):
 PSYoungGen      total 26112K, used 26106K [0x00000000eab00000, 0x00000000ec600000, 0x0000000100000000)
  eden space 24576K, 100% used [0x00000000eab00000,0x00000000ec300000,0x00000000ec300000)
  from space 1536K, 99% used [0x00000000ec480000,0x00000000ec5fea80,0x00000000ec600000)
  to   space 1536K, 0% used [0x00000000ec300000,0x00000000ec300000,0x00000000ec480000)
 ParOldGen       total 31744K, used 3037K [0x00000000c0000000, 0x00000000c1f00000, 0x00000000eab00000)
  object space 31744K, 9% used [0x00000000c0000000,0x00000000c02f74d0,0x00000000c1f00000)
 Metaspace       used 6122K, capacity 7088K, committed 7296K, reserved 1056768K
  class space    used 593K, capacity 616K, committed 640K, reserved 1048576K
Event: 18.185 GC heap after
Heap after GC invocations=3 (full 0):
 PSYoungGen      total 26112K, used 1526K [0x00000000eab00000, 0x00000000ede00000, 0x0000000100000000)
  eden space 24576K, 0% used [0x00000000eab00000,0x00000000eab00000,0x00000000ec300000)
  from space 1536K, 99% used [0x00000000ec300000,0x00000000ec47da90,0x00000000ec480000)
  to   space 1536K, 0% used [0x00000000edc80000,0x00000000edc80000,0x00000000ede00000)
 ParOldGen       total 31744K, used 7205K [0x00000000c0000000, 0x00000000c1f00000, 0x00000000eab00000)
  object space 31744K, 22% used [0x00000000c0000000,0x00000000c07097a8,0x00000000c1f00000)
 Metaspace       used 6122K, capacity 7088K, committed 7296K, reserved 1056768K
  class space    used 593K, capacity 616K, committed 640K, reserved 1048576K
}
Event: 19.463 GC heap before
{Heap before GC invocations=4 (full 0):
 PSYoungGen      total 26112K, used 26102K [0x00000000eab00000, 0x00000000ede00000, 0x0000000100000000)
  eden space 24576K, 100% used [0x00000000eab00000,0x00000000ec300000,0x00000000ec300000)
  from space 1536K, 99% used [0x00000000ec300000,0x00000000ec47da90,0x00000000ec480000)
  to   space 1536K, 0% used [0x00000000edc80000,0x00000000edc80000,0x00000000ede00000)
 ParOldGen       total 31744K, used 7205K [0x00000000c0000000, 0x00000000c1f00000, 0x00000000eab00000)
  object space 31744K, 22% used [0x00000000c0000000,0x00000000c07097a8,0x00000000c1f00000)
 Metaspace       used 6164K, capacity 7088K, committed 7296K, reserved 1056768K
  class space    used 593K, capacity 616K, committed 640K, reserved 1048576K
Event: 19.607 GC heap after
Heap after GC invocations=4 (full 0):
 PSYoungGen      total 50688K, used 1528K [0x00000000eab00000, 0x00000000ede00000, 0x0000000100000000)
  eden space 49152K, 0% used [0x00000000eab00000,0x00000000eab00000,0x00000000edb00000)
  from space 1536K, 99% used [0x00000000edc80000,0x00000000eddfe0f0,0x00000000ede00000)
  to   space 1536K, 0% used [0x00000000edb00000,0x00000000edb00000,0x00000000edc80000)
 ParOldGen       total 31744K, used 11374K [0x00000000c0000000, 0x00000000c1f00000, 0x00000000eab00000)
  object space 31744K, 35% used [0x00000000c0000000,0x00000000c0b1b998,0x00000000c1f00000)
 Metaspace       used 6164K, capacity 7088K, committed 7296K, reserved 1056768K
  class space    used 593K, capacity 616K, committed 640K, reserved 1048576K
}
Event: 21.926 GC heap before
{Heap before GC invocations=5 (full 0):
 PSYoungGen      total 50688K, used 50680K [0x00000000eab00000, 0x00000000ede00000, 0x0000000100000000)
  eden space 49152K, 100% used [0x00000000eab00000,0x00000000edb00000,0x00000000edb00000)
  from space 1536K, 99% used [0x00000000edc80000,0x00000000eddfe0f0,0x00000000ede00000)
  to   space 1536K, 0% used [0x00000000edb00000,0x00000000edb00000,0x00000000edc80000)
 ParOldGen       total 31744K, used 11374K [0x00000000c0000000, 0x00000000c1f00000, 0x00000000eab00000)
  object space 31744K, 35% used [0x00000000c0000000,0x00000000c0b1b998,0x00000000c1f00000)
 Metaspace       used 6209K, capacity 7152K, committed 7296K, reserved 1056768K
  class space    used 593K, capacity 616K, committed 640K, reserved 1048576K
Event: 22.003 GC heap after
Heap after GC invocations=5 (full 0):
 PSYoungGen      total 50688K, used 1505K [0x00000000eab00000, 0x00000000f1f00000, 0x0000000100000000)
  eden space 49152K, 0% used [0x00000000eab00000,0x00000000eab00000,0x00000000edb00000)
  from space 1536K, 97% used [0x00000000edb00000,0x00000000edc78418,0x00000000edc80000)
  to   space 10240K, 0% used [0x00000000f1500000,0x00000000f1500000,0x00000000f1f00000)
 ParOldGen       total 31744K, used 19155K [0x00000000c0000000, 0x00000000c1f00000, 0x00000000eab00000)
  object space 31744K, 60% used [0x00000000c0000000,0x00000000c12b4fa0,0x00000000c1f00000)
 Metaspace       used 6209K, capacity 7152K, committed 7296K, reserved 1056768K
  class space    used 593K, capacity 616K, committed 640K, reserved 1048576K
}
Event: 25.075 GC heap before
{Heap before GC invocations=6 (full 0):
 PSYoungGen      total 50688K, used 50657K [0x00000000eab00000, 0x00000000f1f00000, 0x0000000100000000)
  eden space 49152K, 100% used [0x00000000eab00000,0x00000000edb00000,0x00000000edb00000)
  from space 1536K, 97% used [0x00000000edb00000,0x00000000edc78418,0x00000000edc80000)
  to   space 10240K, 0% used [0x00000000f1500000,0x00000000f1500000,0x00000000f1f00000)
 ParOldGen       total 31744K, used 19155K [0x00000000c0000000, 0x00000000c1f00000, 0x00000000eab00000)
  object space 31744K, 60% used [0x00000000c0000000,0x00000000c12b4fa0,0x00000000c1f00000)
 Metaspace       used 6329K, capacity 7192K, committed 7424K, reserved 1056768K
  class space    used 614K, capacity 656K, committed 768K, reserved 1048576K
Event: 26.155 GC heap after
Heap after GC invocations=6 (full 0):
 PSYoungGen      total 107008K, used 8761K [0x00000000eab00000, 0x00000000f2200000, 0x0000000100000000)
  eden space 96768K, 0% used [0x00000000eab00000,0x00000000eab00000,0x00000000f0980000)
  from space 10240K, 85% used [0x00000000f1500000,0x00000000f1d8e728,0x00000000f1f00000)
  to   space 11776K, 0% used [0x00000000f0980000,0x00000000f0980000,0x00000000f1500000)
 ParOldGen       total 31744K, used 19163K [0x00000000c0000000, 0x00000000c1f00000, 0x00000000eab00000)
  object space 31744K, 60% used [0x00000000c0000000,0x00000000c12b6fa0,0x00000000c1f00000)
 Metaspace       used 6329K, capacity 7192K, committed 7424K, reserved 1056768K
  class space    used 614K, capacity 656K, committed 768K, reserved 1048576K
}

Deoptimization events (10 events):
Event: 30.758 Thread 0x0000000016d07000 Uncommon trap: reason=bimorphic action=maybe_recompile pc=0x00000000033b7648 method=com.android.dx.ssa.LiteralOpUpgrader.tryReplacingWithConstant(Lcom/android/dx/ssa/NormalSsaInsn;)Z @ 62
Event: 32.096 Thread 0x0000000016f5f800 Uncommon trap: reason=unstable_if action=reinterpret pc=0x00000000033b2ccc method=com.android.dx.ssa.MoveParamCombiner$1.visitNonMoveInsn(Lcom/android/dx/ssa/NormalSsaInsn;)V @ 27
Event: 33.261 Thread 0x0000000016d07000 Uncommon trap: reason=unstable_if action=reinterpret pc=0x00000000034fa420 method=com.android.dx.rop.code.DexTranslationAdvice.hasConstantOperation(Lcom/android/dx/rop/code/Rop;Lcom/android/dx/rop/code/RegisterSpec;Lcom/android/dx/rop/code/RegisterSpec;)Z 49,»ÍA@
Event: 34.031 Thread 0x0000000002bbd800 Uncommon trap: reason=bimorphic action=maybe_recompile pc=0x00000000034de290 method=com.android.dx.rop.code.RegisterSpec.withSimpleType()Lcom/android/dx/rop/code/RegisterSpec; @ 21
Event: 34.067 Thread 0x0000000002bbd800 Uncommon trap: reason=bimorphic action=maybe_recompile pc=0x00000000034de290 method=com.android.dx.rop.code.RegisterSpec.withSimpleType()Lcom/android/dx/rop/code/RegisterSpec; @ 21
Event: 35.229 Thread 0x0000000002bbd800 Uncommon trap: reason=class_check action=maybe_recompile pc=0x000000000364137c method=com.android.dx.cf.code.BytecodeArray.parseInstruction(ILcom/android/dx/cf/code/BytecodeArray$Visitor;)I @ 2167
Event: 35.230 Thread 0x0000000002bbd800 Uncommon trap: reason=class_check action=maybe_recompile pc=0x000000000364137c method=com.android.dx.cf.code.BytecodeArray.parseInstruction(ILcom/android/dx/cf/code/BytecodeArray$Visitor;)I @ 2167
Event: 35.230 Thread 0x0000000002bbd800 Uncommon trap: reason=class_check action=maybe_recompile pc=0x000000000364137c method=com.android.dx.cf.code.BytecodeArray.parseInstruction(ILcom/android/dx/cf/code/BytecodeArray$Visitor;)I @ 2167
Event: 35.230 Thread 0x0000000002bbd800 Uncommon trap: reason=class_check action=maybe_recompile pc=0x000000000364137c method=com.android.dx.cf.code.BytecodeArray.parseInstruction(ILcom/android/dx/cf/code/BytecodeArray$Visitor;)I @ 2167
Event: 35.456 Thread 0x0000000002bbd800 Uncommon trap: reason=unstable_if action=reinterpret pc=0x00000000034f14a8 method=java.util.HashMap.resize()[Ljava/util/HashMap$Node; @ 206

Internal exceptions (5 events):
Event: 0.225 Thread 0x0000000002bbd800 Exception <a 'java/lang/NoSuchMethodError': Method sun.misc.Unsafe.defineClass(Ljava/lang/String;[BII)Ljava/lang/Class; name or signature does not match> (0x00000000eab0d8b8) thrown at [C:\re\workspace\8-2-build-windows-amd64-cygwin\jdk8u45\3627\hotspot\srãöoŒÃ?
Event: 0.225 Thread 0x0000000002bbd800 Exception <a 'java/lang/NoSuchMethodError': Method sun.misc.Unsafe.prefetchRead(Ljava/lang/Object;J)V name or signature does not match> (0x00000000eab0db48) thrown at [C:\re\workspace\8-2-build-windows-amd64-cygwin\jdk8u45\3627\hotspot\src\share\vm\prims\jWÏuYÓ?7@
Event: 23.250 Thread 0x0000000016f5f800 Exception <a 'java/lang/ArrayIndexOutOfBoundsException': 18> (0x00000000ed72b730) thrown at [C:\re\workspace\8-2-build-windows-amd64-cygwin\jdk8u45\3627\hotspot\src\share\vm\interpreter\interpreterRuntime.cpp, line 366]
Event: 23.252 Thread 0x0000000016f5f800 Exception <a 'java/lang/ArrayIndexOutOfBoundsException'> (0x00000000ed72d200) thrown at [C:\re\workspace\8-2-build-windows-amd64-cygwin\jdk8u45\3627\hotspot\src\share\vm\runtime\sharedRuntime.cpp, line 605]
Event: 23.254 Thread 0x0000000016f5f800 Exception <a 'java/lang/ArrayIndexOutOfBoundsException'> (0x00000000ed72e438) thrown at [C:\re\workspace\8-2-build-windows-amd64-cygwin\jdk8u45\3627\hotspot\src\share\vm\runtime\sharedRuntime.cpp, line 605]

Events (10 events):
Event: 35.230 Thread 0x0000000002bbd800 DEOPT PACKING pc=0x000000000364137c sp=0x0000000002cbdf60
Event: 35.230 Thread 0x0000000002bbd800 DEOPT UNPACKING pc=0x0000000002e0582a sp=0x0000000002cbdf18 mode 2
Event: 35.230 Thread 0x0000000002bbd800 Uncommon trap: trap_request=0xffffffde fr.pc=0x000000000364137c
Event: 35.230 Thread 0x0000000002bbd800 DEOPT PACKING pc=0x000000000364137c sp=0x0000000002cbdf60
Event: 35.230 Thread 0x0000000002bbd800 DEOPT UNPACKING pc=0x0000000002e0582a sp=0x0000000002cbdf18 mode 2
Event: 35.456 Thread 0x0000000002bbd800 Uncommon trap: trap_request=0xffffff65 fr.pc=0x00000000034f14a8
Event: 35.456 Thread 0x0000000002bbd800 DEOPT PACKING pc=0x00000000034f14a8 sp=0x0000000002cbded0
Event: 35.456 Thread 0x0000000002bbd800 DEOPT UNPACKING pc=0x0000000002e0582a sp=0x0000000002cbde38 mode 2
Event: 36.521 Thread 0x0000000002bbd800 DEOPT PACKING pc=0x00000000031c79d1 sp=0x0000000002cbe080
Event: 36.521 Thread 0x0000000002bbd800 DEOPT UNPACKING pc=0x0000000002e0747f sp=0x0000000002cbdde0 mode 0


Dynamic libraries:
0x00007ff7eae20000 - 0x00007ff7eae57000 	C:\Program Files\Java\jdk1.8.0_45\bin\java.exe
0x00007ffbedd80000 - 0x00007ffbedf2d000 	C:\Windows\SYSTEM32\ntdll.dll
0x00007ffbec400000 - 0x00007ffbec53a000 	C:\Windows\system32\KERNEL32.DLL
0x00007ffbdfae0000 - 0x00007ffbdfb12000 	C:\Program Files (x86)\AVG\AVG2015\avghooka.dll
0x00007ffbe9fd0000 - 0x00007ffbea0e5000 	C:\Windows\system32\KERNELBASE.dll
0x00007ffbe8a80000 - 0x00007ffbe8b08000 	C:\Windows\system32\apphelp.dll
0x00007ffbe5c30000 - 0x00007ffbe5c7f000 	C:\Windows\AppPatch\AppPatch64\AcGenral.DLL
0x00007ffbea440000 - 0x00007ffbea4e7000 	C:\Windows\system32\msvcrt.dll
0x00007ffbe9be0000 - 0x00007ffbe9c0b000 	C:\Windows\SYSTEM32\SspiCli.dll
0x00007ffbec210000 - 0x00007ffbec261000 	C:\Windows\system32\SHLWAPI.dll
0x00007ffbec030000 - 0x00007ffbec1a1000 	C:\Windows\system32\USER32.dll
0x00007ffbec280000 - 0x00007ffbec3f8000 	C:\Windows\system32\ole32.dll
0x00007ffbeab30000 - 0x00007ffbebf47000 	C:\Windows\system32\SHELL32.dll
0x00007ffbe93e0000 - 0x00007ffbe93fe000 	C:\Windows\SYSTEM32\USERENV.dll
0x00007ffbea770000 - 0x00007ffbea81a000 	C:\Windows\system32\ADVAPI32.dll
0x00007ffbddd60000 - 0x00007ffbddd7b000 	C:\Windows\SYSTEM32\MPR.dll
0x00007ffbea880000 - 0x00007ffbea9b6000 	C:\Windows\system32\RPCRT4.dll
0x00007ffbea3e0000 - 0x00007ffbea437000 	C:\Windows\SYSTEM32\sechost.dll
0x00007ffbec540000 - 0x00007ffbec751000 	C:\Windows\SYSTEM32\combase.dll
0x00007ffbea9d0000 - 0x00007ffbeab20000 	C:\Windows\system32\GDI32.dll
0x00007ffbe9e00000 - 0x00007ffbe9e14000 	C:\Windows\SYSTEM32\profapi.dll
0x00007ffbe84c0000 - 0x00007ffbe855f000 	C:\Windows\SYSTEM32\SHCORE.dll
0x00007ffbea4f0000 - 0x00007ffbea524000 	C:\Windows\system32\IMM32.DLL
0x00007ffbec7c0000 - 0x00007ffbec911000 	C:\Windows\system32\MSCTF.dll
0x00007ffbe7e40000 - 0x00007ffbe80ba000 	C:\Windows\WinSxS\amd64_microsoft.windows.common-controls_6595b64144ccf1df_6.0.9600.17810_none_6240b9c7ecbd0bda\COMCTL32.dll
0x000000006c280000 - 0x000000006c352000 	C:\Program Files\Java\jdk1.8.0_45\jre\bin\msvcr100.dll
0x000000006c700000 - 0x000000006cf83000 	C:\Program Files\Java\jdk1.8.0_45\jre\bin\server\jvm.dll
0x00007ffbe8970000 - 0x00007ffbe8979000 	C:\Windows\SYSTEM32\WSOCK32.dll
0x00007ffbe2a50000 - 0x00007ffbe2a6f000 	C:\Windows\SYSTEM32\WINMM.dll
0x00007ffbe2cc0000 - 0x00007ffbe2cca000 	C:\Windows\SYSTEM32\VERSION.dll
0x00007ffbea9c0000 - 0x00007ffbea9c7000 	C:\Windows\system32\PSAPI.DLL
0x00007ffbec760000 - 0x00007ffbec7b8000 	C:\Windows\system32\WS2_32.dll
0x00007ffbe2a20000 - 0x00007ffbe2a4a000 	C:\Windows\SYSTEM32\WINMMBASE.dll
0x00007ffbea320000 - 0x00007ffbea329000 	C:\Windows\system32\NSI.dll
0x00007ffbea0f0000 - 0x00007ffbea13a000 	C:\Windows\SYSTEM32\cfgmgr32.dll
0x00007ffbe8c80000 - 0x00007ffbe8ca6000 	C:\Windows\SYSTEM32\DEVOBJ.dll
0x000000006c6f0000 - 0x000000006c6ff000 	C:\Program Files\Java\jdk1.8.0_45\jre\bin\verify.dll
0x000000006c6c0000 - 0x000000006c6e9000 	C:\Program Files\Java\jdk1.8.0_45\jre\bin\java.dll
0x000000006c6a0000 - 0x000000006c6b6000 	C:\Program Files\Java\jdk1.8.0_45\jre\bin\zip.dll
0x00007ffbe6a30000 - 0x00007ffbe6bb8000 	C:\Windows\SYSTEM32\dbghelp.dll

VM Arguments:
jvm_args: -Djava.awt.headless=true -Xmx1024M -Dfile.encoding=windows-1252 -Duser.country=ZA -Duser.language=en -Duser.variant 
java_command: com.android.dx.command.Main --dex --force-jumbo --num-threads=4 --output C:\Users\Osman\Desktop\ANDROID 6.3\RestaurantMSAndroid\app\build\intermediates\pre-dexed\debug\com.android.support-appcompat-v7-23.3.0_1358cad59174080eef9da67eee7db37d20a686fe.jar C:\Users\Osman\Desktop\ANDROID 6.3\RestaurantMSAndroid\app\build\intermediates\exploded-aar\com.android.support\appcompat-v7\23.3.0\jars\classes.jar
java_class_path (initial): C:\Users\Osman\AppData\Local\Android\Sdk\build-tools\23.0.3\lib\dx.jar
Launcher Type: SUN_STANDARD

Environment Variables:
PATH=C:\oraclexe\app\oracle\product\11.2.0\server\bin;;C:\ProgramData\Oracle\Java\javapath;C:\app\client\Malikah Osmen\product\12.1.0\client_4;C:\app\client\Malikah Osmen\product\12.1.0\client_4\bin;C:\app\client\Malikah Osmen\product\12.1.0\client_3;C:\app\client\Malikah Osmen\product\12.1.0\client_3\bin;C:\app\client\Malikah Osmen\product\12.1.0\client_2;C:\app\client\Malikah Osmen\product\12.1.0\client_2\bin;C:\app\client\Malikah Osmen\product\12.1.0\client_1;C:\app\client\Malikah Osmen\product\12.1.0\client_1\bin;C:\oraclexe\app\oracle\product\11.2.0\server\bin;C:\Windows\system32;C:\Windows;C:\Windows\System32\Wbem;C:\Windows\System32\WindowsPowerShell\v1.0\;C:\Program Files\Microsoft SQL Server\110\Tools\Binn\;C:\Program Files (x86)\Git\cmd;C:\Program Files\Microsoft\Web Platform Installer\;C:\Program Files (x86)\Microsoft ASP.NET\ASP.NET Web Pages\v1.0\;C:\Program Files (x86)\Windows Kits\8.0\Windows Performance Toolkit\;c:\Program Files (x86)\Microsoft SQL Server\100\Tools\Binn\;c:\Program Files\Microsoft SQL Server\100\Tools\Binn\;c:\Program Files\Microsoft SQL Server\100\DTS\Binn\
USERNAME=Osman
OS=Windows_NT
PROCESSOR_IDENTIFIER=Intel64 Family 6 Model 37 Stepping 5, GenuineIntel



---------------  S Y S T E M  ---------------

OS: Windows 8.1 , 64 bit Build 9600 (6.3.9600.17056)

CPU:total 4 (2 cores per cpu, 2 threads per core) family 6 model 37 stepping 5, cmov, cx8, fxsr, mmx, sse, sse2, sse3, ssse3, sse4.1, sse4.2, popcnt, ht, tsc, tscinvbit

Memory: 4k page, physical 2939596k(391828k free), swap 6085324k(437112k free)

vm_info: Java HotSpot(TM) 64-Bit Server VM (25.45-b02) for windows-amd64 JRE (1.8.0_45-b15), built on Apr 30 2015 12:40:44 by "java_re" with MS VC++ 10.0 (VS2010)

time: Fri Jun 10 15:19:18 2016
elapsed time: 50 seconds (0d 0h 0m 50s)

