#
# There is insufficient memory for the Java Runtime Environment to continue.
# Native memory allocation (malloc) failed to allocate 1498496 bytes for Chunk::new
# Possible reasons:
#   The system is out of physical RAM or swap space
#   In 32 bit mode, the process size limit was hit
# Possible solutions:
#   Reduce memory load on the system
#   Increase physical memory or swap space
#   Check if swap backing store is full
#   Use 64 bit Java on a 64 bit OS
#   Decrease Java heap size (-Xmx/-Xms)
#   Decrease number of Java threads
#   Decrease Java thread stack sizes (-Xss)
#   Set larger code cache with -XX:ReservedCodeCacheSize=
# This output file may be truncated or incomplete.
#
#  Out of Memory Error (allocation.cpp:390), pid=7760, tid=6460
#
# JRE version: Java(TM) SE Runtime Environment (8.0_45-b15) (build 1.8.0_45-b15)
# Java VM: Java HotSpot(TM) 64-Bit Server VM (25.45-b02 mixed mode windows-amd64 compressed oops)
# Failed to write core dump. Minidumps are not enabled by default on client versions of Windows
#

---------------  T H R E A D  ---------------

Current thread (0x0000000014626800):  JavaThread "C2 CompilerThread1" daemon [_thread_in_native, id=6460, stack(0x0000000015c30000,0x0000000015d30000)]

Stack: [0x0000000015c30000,0x0000000015d30000]
Native frames: (J=compiled Java code, j=interpreted, Vv=VM code, C=native code)
V  [jvm.dll+0x32b57a]


Current CompileTask:
C2:  40550 2556   !   4       com.android.dx.cf.code.BytecodeArray::parseInstruction (2764 bytes)


---------------  P R O C E S S  ---------------

Java Threads: ( => current thread )
  0x0000000016149000 JavaThread "pool-1-thread-4" [_thread_blocked, id=3872, stack(0x0000000017030000,0x0000000017130000)]
  0x0000000016147000 JavaThread "pool-1-thread-3" [_thread_blocked, id=6116, stack(0x0000000016f30000,0x0000000017030000)]
  0x0000000016144800 JavaThread "pool-1-thread-2" [_thread_blocked, id=3380, stack(0x0000000016e30000,0x0000000016f30000)]
  0x0000000016171000 JavaThread "pool-2-thread-1" [_thread_blocked, id=376, stack(0x0000000016d30000,0x0000000016e30000)]
  0x0000000016170800 JavaThread "pool-1-thread-1" [_thread_blocked, id=5156, stack(0x0000000016c30000,0x0000000016d30000)]
  0x0000000015e34800 JavaThread "Service Thread" daemon [_thread_blocked, id=4772, stack(0x0000000016230000,0x0000000016330000)]
  0x000000001462c800 JavaThread "C1 CompilerThread2" daemon [_thread_blocked, id=7508, stack(0x0000000015d30000,0x0000000015e30000)]
=>0x0000000014626800 JavaThread "C2 CompilerThread1" daemon [_thread_in_native, id=6460, stack(0x0000000015c30000,0x0000000015d30000)]
  0x00000000145d9000 JavaThread "C2 CompilerThread0" daemon [_thread_in_native, id=1140, stack(0x0000000015b30000,0x0000000015c30000)]
  0x00000000145d7000 JavaThread "Attach Listener" daemon [_thread_blocked, id=3848, stack(0x0000000015a30000,0x0000000015b30000)]
  0x00000000145d5800 JavaThread "Signal Dispatcher" daemon [_thread_blocked, id=6900, stack(0x0000000015930000,0x0000000015a30000)]
  0x0000000001ef6800 JavaThread "Finalizer" daemon [_thread_blocked, id=4416, stack(0x0000000015830000,0x0000000015930000)]
  0x0000000001eed800 JavaThread "Reference Handler" daemon [_thread_blocked, id=7384, stack(0x0000000015730000,0x0000000015830000)]
  0x000000000055d800 JavaThread "main" [_thread_blocked, id=5672, stack(0x0000000001d00000,0x0000000001e00000)]

Other Threads:
  0x0000000014598000 VMThread [stack: 0x0000000015630000,0x0000000015730000] [id=7184]
  0x0000000015e37000 WatcherThread [stack: 0x0000000016330000,0x0000000016430000] [id=1824]

VM state:at safepoint (normal execution)

VM Mutex/Monitor currently owned by a thread:  ([mutex/lock_event])
[0x000000000055cd70] Threads_lock - owner thread: 0x0000000014598000
[0x000000000055cff0] Heap_lock - owner thread: 0x000000000055d800

Heap:
 PSYoungGen      total 126464K, used 126378K [0x00000000eab00000, 0x00000000f6400000, 0x0000000100000000)
  eden space 107520K, 100% used [0x00000000eab00000,0x00000000f1400000,0x00000000f1400000)
  from space 18944K, 99% used [0x00000000f5180000,0x00000000f63eabe0,0x00000000f6400000)
  to   space 25600K, 21% used [0x00000000f3200000,0x00000000f3745450,0x00000000f4b00000)
 ParOldGen       total 62976K, used 36804K [0x00000000c0000000, 0x00000000c3d80000, 0x00000000eab00000)
  object space 62976K, 58% used [0x00000000c0000000,0x00000000c23f1108,0x00000000c3d80000)
 Metaspace       used 6532K, capacity 7256K, committed 7424K, reserved 1056768K
  class space    used 617K, capacity 656K, committed 768K, reserved 1048576K

Card table byte_map: [0x00000000112c0000,0x00000000114d0000] byte_map_base: 0x0000000010cc0000

Marking Bits: (ParMarkBitMap*) 0x000000006cf04040
 Begin Bits: [0x0000000011a30000, 0x0000000012a30000)
 End Bits:   [0x0000000012a30000, 0x0000000013a30000)

Polling page: 0x00000000004e0000

CodeCache: size=245760Kb used=9581Kb max_used=10325Kb free=236178Kb
 bounds [0x0000000001f00000, 0x0000000002930000, 0x0000000010f00000]
 total_blobs=2313 nmethods=2041 adapters=185
 compilation: enabled

Compilation events (10 events):
Event: 39.352 Thread 0x000000001462c800 2561       3       com.android.dx.cf.code.LineNumberList::concat (92 bytes)
Event: 39.357 Thread 0x000000001462c800 nmethod 2561 0x0000000002342210 code [0x0000000002342540, 0x0000000002344148]
Event: 39.357 Thread 0x000000001462c800 2563       3       com.android.dx.dex.code.RopTranslator::translateAndGetResult (48 bytes)
Event: 39.358 Thread 0x000000001462c800 nmethod 2563 0x00000000022cd010 code [0x00000000022cd1e0, 0x00000000022cd718]
Event: 39.358 Thread 0x000000001462c800 2562       3       com.android.dx.rop.code.LocalVariableExtractor::<init> (59 bytes)
Event: 39.360 Thread 0x000000001462c800 nmethod 2562 0x00000000021867d0 code [0x0000000002186980, 0x0000000002186f88]
Event: 39.363 Thread 0x000000001462c800 2564       3       com.android.dx.cf.direct.StdAttributeFactory::code (613 bytes)
Event: 39.392 Thread 0x000000001462c800 nmethod 2564 0x0000000002642710 code [0x0000000002643080, 0x0000000002649c78]
Event: 39.399 Thread 0x000000001462c800 2565       3       java.util.HashMap::put (13 bytes)
Event: 39.400 Thread 0x000000001462c800 nmethod 2565 0x00000000020dbdd0 code [0x00000000020dbf60, 0x00000000020dc318]

GC Heap History (10 events):
Event: 8.442 GC heap before
{Heap before GC invocations=7 (full 0):
 PSYoungGen      total 55296K, used 54573K [0x00000000eab00000, 0x00000000eeb00000, 0x0000000100000000)
  eden space 48128K, 100% used [0x00000000eab00000,0x00000000eda00000,0x00000000eda00000)
  from space 7168K, 89% used [0x00000000ee200000,0x00000000ee84b460,0x00000000ee900000)
  to   space 8192K, 0% used [0x00000000eda00000,0x00000000eda00000,0x00000000ee200000)
 ParOldGen       total 31744K, used 11035K [0x00000000c0000000, 0x00000000c1f00000, 0x00000000eab00000)
  object space 31744K, 34% used [0x00000000c0000000,0x00000000c0ac6eb8,0x00000000c1f00000)
 Metaspace       used 6293K, capacity 7152K, committed 7296K, reserved 1056768K
  class space    used 596K, capacity 616K, committed 640K, reserved 1048576K
Event: 8.608 GC heap after
Heap after GC invocations=7 (full 0):
 PSYoungGen      total 56320K, used 8189K [0x00000000eab00000, 0x00000000f2000000, 0x0000000100000000)
  eden space 48128K, 0% used [0x00000000eab00000,0x00000000eab00000,0x00000000eda00000)
  from space 8192K, 99% used [0x00000000eda00000,0x00000000ee1ff480,0x00000000ee200000)
  to   space 11776K, 0% used [0x00000000f1480000,0x00000000f1480000,0x00000000f2000000)
 ParOldGen       total 31744K, used 15519K [0x00000000c0000000, 0x00000000c1f00000, 0x00000000eab00000)
  object space 31744K, 48% used [0x00000000c0000000,0x00000000c0f27f20,0x00000000c1f00000)
 Metaspace       used 6293K, capacity 7152K, committed 7296K, reserved 1056768K
  class space    used 596K, capacity 616K, committed 640K, reserved 1048576K
}
Event: 13.392 GC heap before
{Heap before GC invocations=8 (full 0):
 PSYoungGen      total 56320K, used 56317K [0x00000000eab00000, 0x00000000f2000000, 0x0000000100000000)
  eden space 48128K, 100% used [0x00000000eab00000,0x00000000eda00000,0x00000000eda00000)
  from space 8192K, 99% used [0x00000000eda00000,0x00000000ee1ff480,0x00000000ee200000)
  to   space 11776K, 0% used [0x00000000f1480000,0x00000000f1480000,0x00000000f2000000)
 ParOldGen       total 31744K, used 15519K [0x00000000c0000000, 0x00000000c1f00000, 0x00000000eab00000)
  object space 31744K, 48% used [0x00000000c0000000,0x00000000c0f27f20,0x00000000c1f00000)
 Metaspace       used 6343K, capacity 7152K, committed 7296K, reserved 1056768K
  class space    used 597K, capacity 616K, committed 640K, reserved 1048576K
Event: 13.556 GC heap after
Heap after GC invocations=8 (full 0):
 PSYoungGen      total 103936K, used 11772K [0x00000000eab00000, 0x00000000f2800000, 0x0000000100000000)
  eden space 92160K, 0% used [0x00000000eab00000,0x00000000eab00000,0x00000000f0500000)
  from space 11776K, 99% used [0x00000000f1480000,0x00000000f1fff2d0,0x00000000f2000000)
  to   space 15872K, 0% used [0x00000000f0500000,0x00000000f0500000,0x00000000f1480000)
 ParOldGen       total 31744K, used 19330K [0x00000000c0000000, 0x00000000c1f00000, 0x00000000eab00000)
  object space 31744K, 60% used [0x00000000c0000000,0x00000000c12e0bb0,0x00000000c1f00000)
 Metaspace       used 6343K, capacity 7152K, committed 7296K, reserved 1056768K
  class space    used 597K, capacity 616K, committed 640K, reserved 1048576K
}
Event: 19.282 GC heap before
{Heap before GC invocations=9 (full 0):
 PSYoungGen      total 103936K, used 103932K [0x00000000eab00000, 0x00000000f2800000, 0x0000000100000000)
  eden space 92160K, 100% used [0x00000000eab00000,0x00000000f0500000,0x00000000f0500000)
  from space 11776K, 99% used [0x00000000f1480000,0x00000000f1fff2d0,0x00000000f2000000)
  to   space 15872K, 0% used [0x00000000f0500000,0x00000000f0500000,0x00000000f1480000)
 ParOldGen       total 31744K, used 19330K [0x00000000c0000000, 0x00000000c1f00000, 0x00000000eab00000)
  object space 31744K, 60% used [0x00000000c0000000,0x00000000c12e0bb0,0x00000000c1f00000)
 Metaspace       used 6506K, capacity 7256K, committed 7424K, reserved 1056768K
  class space    used 617K, capacity 656K, committed 768K, reserved 1048576K
Event: 19.529 GC heap after
Heap after GC invocations=9 (full 0):
 PSYoungGen      total 108032K, used 15845K [0x00000000eab00000, 0x00000000f6800000, 0x0000000100000000)
  eden space 92160K, 0% used [0x00000000eab00000,0x00000000eab00000,0x00000000f0500000)
  from space 15872K, 99% used [0x00000000f0500000,0x00000000f14795e0,0x00000000f1480000)
  to   space 23040K, 0% used [0x00000000f5180000,0x00000000f5180000,0x00000000f6800000)
 ParOldGen       total 31744K, used 30931K [0x00000000c0000000, 0x00000000c1f00000, 0x00000000eab00000)
  object space 31744K, 97% used [0x00000000c0000000,0x00000000c1e34f20,0x00000000c1f00000)
 Metaspace       used 6506K, capacity 7256K, committed 7424K, reserved 1056768K
  class space    used 617K, capacity 656K, committed 768K, reserved 1048576K
}
Event: 19.529 GC heap before
{Heap before GC invocations=10 (full 1):
 PSYoungGen      total 108032K, used 15845K [0x00000000eab00000, 0x00000000f6800000, 0x0000000100000000)
  eden space 92160K, 0% used [0x00000000eab00000,0x00000000eab00000,0x00000000f0500000)
  from space 15872K, 99% used [0x00000000f0500000,0x00000000f14795e0,0x00000000f1480000)
  to   space 23040K, 0% used [0x00000000f5180000,0x00000000f5180000,0x00000000f6800000)
 ParOldGen       total 31744K, used 30931K [0x00000000c0000000, 0x00000000c1f00000, 0x00000000eab00000)
  object space 31744K, 97% used [0x00000000c0000000,0x00000000c1e34f20,0x00000000c1f00000)
 Metaspace       used 6506K, capacity 7256K, committed 7424K, reserved 1056768K
  class space    used 617K, capacity 656K, committed 768K, reserved 1048576K
Event: 24.847 GC heap after
Heap after GC invocations=10 (full 1):
 PSYoungGen      total 108032K, used 10689K [0x00000000eab00000, 0x00000000f6800000, 0x0000000100000000)
  eden space 92160K, 0% used [0x00000000eab00000,0x00000000eab00000,0x00000000f0500000)
  from space 15872K, 67% used [0x00000000f0500000,0x00000000f0f70608,0x00000000f1480000)
  to   space 23040K, 0% used [0x00000000f5180000,0x00000000f5180000,0x00000000f6800000)
 ParOldGen       total 62976K, used 31543K [0x00000000c0000000, 0x00000000c3d80000, 0x00000000eab00000)
  object space 62976K, 50% used [0x00000000c0000000,0x00000000c1ecdd30,0x00000000c3d80000)
 Metaspace       used 6506K, capacity 7256K, committed 7424K, reserved 1056768K
  class space    used 617K, capacity 656K, committed 768K, reserved 1048576K
}
Event: 36.316 GC heap before
{Heap before GC invocations=11 (full 1):
 PSYoungGen      total 108032K, used 102849K [0x00000000eab00000, 0x00000000f6800000, 0x0000000100000000)
  eden space 92160K, 100% used [0x00000000eab00000,0x00000000f0500000,0x00000000f0500000)
  from space 15872K, 67% used [0x00000000f0500000,0x00000000f0f70608,0x00000000f1480000)
  to   space 23040K, 0% used [0x00000000f5180000,0x00000000f5180000,0x00000000f6800000)
 ParOldGen       total 62976K, used 31543K [0x00000000c0000000, 0x00000000c3d80000, 0x00000000eab00000)
  object space 62976K, 50% used [0x00000000c0000000,0x00000000c1ecdd30,0x00000000c3d80000)
 Metaspace       used 6521K, capacity 7256K, committed 7424K, reserved 1056768K
  class space    used 617K, capacity 656K, committed 768K, reserved 1048576K
Event: 39.208 GC heap after
Heap after GC invocations=11 (full 1):
 PSYoungGen      total 126464K, used 18858K [0x00000000eab00000, 0x00000000f6400000, 0x0000000100000000)
  eden space 107520K, 0% used [0x00000000eab00000,0x00000000eab00000,0x00000000f1400000)
  from space 18944K, 99% used [0x00000000f5180000,0x00000000f63eabe0,0x00000000f6400000)
  to   space 25600K, 0% used [0x00000000f3200000,0x00000000f3200000,0x00000000f4b00000)
 ParOldGen       total 62976K, used 36804K [0x00000000c0000000, 0x00000000c3d80000, 0x00000000eab00000)
  object space 62976K, 58% used [0x00000000c0000000,0x00000000c23f1108,0x00000000c3d80000)
 Metaspace       used 6521K, capacity 7256K, committed 7424K, reserved 1056768K
  class space    used 617K, capacity 656K, committed 768K, reserved 1048576K
}

Deoptimization events (10 events):
Event: 26.143 Thread 0x0000000016149000 Uncommon trap: reason=unstable_if action=reinterpret pc=0x00000000025eb540 method=com.android.dx.ssa.LiteralOpUpgrader$1.visitNonMoveInsn(Lcom/android/dx/ssa/NormalSsaInsn;)V @ 24
Event: 26.152 Thread 0x0000000016149000 Uncommon trap: reason=bimorphic action=maybe_recompile pc=0x00000000024e6d64 method=com.android.dx.ssa.LiteralOpUpgrader.tryReplacingWithConstant(Lcom/android/dx/ssa/NormalSsaInsn;)Z @ 62
Event: 27.692 Thread 0x0000000016147000 Uncommon trap: reason=unstable_if action=reinterpret pc=0x00000000028fc260 method=java.util.HashMap.putVal(ILjava/lang/Object;Ljava/lang/Object;ZZ)Ljava/lang/Object; @ 109
Event: 27.700 Thread 0x0000000016147000 Uncommon trap: reason=bimorphic action=maybe_recompile pc=0x00000000022a7750 method=com.android.dx.cf.code.BytecodeArray.parseInstruction(ILcom/android/dx/cf/code/BytecodeArray$Visitor;)I @ 971
Event: 27.701 Thread 0x0000000016147000 Uncommon trap: reason=bimorphic action=maybe_recompile pc=0x00000000022a7750 method=com.android.dx.cf.code.BytecodeArray.parseInstruction(ILcom/android/dx/cf/code/BytecodeArray$Visitor;)I @ 971
Event: 29.137 Thread 0x000000000055d800 Uncommon trap: reason=unstable_if action=reinterpret pc=0x0000000002319668 method=com.android.dx.ssa.LiteralOpUpgrader$1.visitNonMoveInsn(Lcom/android/dx/ssa/NormalSsaInsn;)V @ 176
Event: 35.230 Thread 0x000000000055d800 Uncommon trap: reason=unstable_if action=reinterpret pc=0x000000000222b648 method=com.android.dx.cf.code.BytecodeArray.parseInstruction(ILcom/android/dx/cf/code/BytecodeArray$Visitor;)I @ 1261
Event: 39.287 Thread 0x0000000016149000 Uncommon trap: reason=unstable_if action=reinterpret pc=0x00000000028c330c method=java.util.HashMap.putVal(ILjava/lang/Object;Ljava/lang/Object;ZZ)Ljava/lang/Object; @ 162
Event: 39.287 Thread 0x0000000016149000 Uncommon trap: reason=unstable_if action=reinterpret pc=0x00000000023e5a54 method=java.util.HashMap.putVal(ILjava/lang/Object;Ljava/lang/Object;ZZ)Ljava/lang/Object; @ 162
Event: 39.288 Thread 0x0000000016149000 Uncommon trap: reason=unstable_if action=reinterpret pc=0x0000000002843b6c method=java.util.HashMap.putVal(ILjava/lang/Object;Ljava/lang/Object;ZZ)Ljava/lang/Object; @ 109

Internal exceptions (9 events):
Event: 0.909 Thread 0x000000000055d800 Exception <a 'java/lang/NoSuchMethodError': Method sun.misc.Unsafe.defineClass(Ljava/lang/String;[BII)Ljava/lang/Class; name or signature does not match> (0x00000000eab0d5b8) thrown at [C:\re\workspace\8-2-build-windows-amd64-cygwin\jdk8u45\3627\hotspot\srÎùm‰Fí?
Event: 0.909 Thread 0x000000000055d800 Exception <a 'java/lang/NoSuchMethodError': Method sun.misc.Unsafe.prefetchRead(Ljava/lang/Object;J)V name or signature does not match> (0x00000000eab0d848) thrown at [C:\re\workspace\8-2-build-windows-amd64-cygwin\jdk8u45\3627\hotspot\src\share\vm\prims\jÆÕ/ÇU@
Event: 2.167 Thread 0x0000000016147000 Implicit null exception at 0x00000000022cad22 to 0x00000000022cae21
Event: 3.154 Thread 0x000000000055d800 Implicit null exception at 0x000000000225dc6c to 0x0000000002260ac1
Event: 10.513 Thread 0x0000000016149000 Implicit null exception at 0x00000000026c3f94 to 0x00000000026c8849
Event: 15.434 Thread 0x0000000016170800 Implicit null exception at 0x000000000257c8c1 to 0x000000000257dc69
Event: 17.999 Thread 0x0000000016144800 Exception <a 'java/lang/ArrayIndexOutOfBoundsException': 18> (0x00000000ef85ff30) thrown at [C:\re\workspace\8-2-build-windows-amd64-cygwin\jdk8u45\3627\hotspot\src\share\vm\interpreter\interpreterRuntime.cpp, line 366]
Event: 18.001 Thread 0x0000000016144800 Exception <a 'java/lang/ArrayIndexOutOfBoundsException'> (0x00000000ef927380) thrown at [C:\re\workspace\8-2-build-windows-amd64-cygwin\jdk8u45\3627\hotspot\src\share\vm\runtime\sharedRuntime.cpp, line 605]
Event: 18.004 Thread 0x0000000016144800 Exception <a 'java/lang/ArrayIndexOutOfBoundsException'> (0x00000000ef9285b8) thrown at [C:\re\workspace\8-2-build-windows-amd64-cygwin\jdk8u45\3627\hotspot\src\share\vm\runtime\sharedRuntime.cpp, line 605]

Events (10 events):
Event: 39.208 Executing VM operation: ParallelGCFailedAllocation done
Event: 39.287 Thread 0x0000000016149000 Uncommon trap: trap_request=0xffffff65 fr.pc=0x00000000028c330c
Event: 39.287 Thread 0x0000000016149000 DEOPT PACKING pc=0x00000000028c330c sp=0x000000001712e710
Event: 39.287 Thread 0x0000000016149000 DEOPT UNPACKING pc=0x0000000001f4582a sp=0x000000001712e5a8 mode 2
Event: 39.287 Thread 0x0000000016149000 Uncommon trap: trap_request=0xffffff65 fr.pc=0x00000000023e5a54
Event: 39.287 Thread 0x0000000016149000 DEOPT PACKING pc=0x00000000023e5a54 sp=0x000000001712e660
Event: 39.287 Thread 0x0000000016149000 DEOPT UNPACKING pc=0x0000000001f4582a sp=0x000000001712e598 mode 2
Event: 39.288 Thread 0x0000000016149000 Uncommon trap: trap_request=0xffffff65 fr.pc=0x0000000002843b6c
Event: 39.288 Thread 0x0000000016149000 DEOPT PACKING pc=0x0000000002843b6c sp=0x000000001712e5e0
Event: 39.288 Thread 0x0000000016149000 DEOPT UNPACKING pc=0x0000000001f4582a sp=0x000000001712e5a0 mode 2


Dynamic libraries:
0x00007ff7eae20000 - 0x00007ff7eae57000 	C:\Program Files\Java\jdk1.8.0_45\bin\java.exe
0x00007ffbedd80000 - 0x00007ffbedf2d000 	C:\Windows\SYSTEM32\ntdll.dll
0x00007ffbec400000 - 0x00007ffbec53a000 	C:\Windows\system32\KERNEL32.DLL
0x00007ffbdfae0000 - 0x00007ffbdfb12000 	C:\Program Files (x86)\AVG\AVG2015\avghooka.dll
0x00007ffbe9fd0000 - 0x00007ffbea0e5000 	C:\Windows\system32\KERNELBASE.dll
0x00007ffbe8a80000 - 0x00007ffbe8b08000 	C:\Windows\system32\apphelp.dll
0x00007ffbe5c30000 - 0x00007ffbe5c7f000 	C:\Windows\AppPatch\AppPatch64\AcGenral.DLL
0x00007ffbea440000 - 0x00007ffbea4e7000 	C:\Windows\system32\msvcrt.dll
0x00007ffbe9be0000 - 0x00007ffbe9c0b000 	C:\Windows\SYSTEM32\SspiCli.dll
0x00007ffbec210000 - 0x00007ffbec261000 	C:\Windows\system32\SHLWAPI.dll
0x00007ffbec030000 - 0x00007ffbec1a1000 	C:\Windows\system32\USER32.dll
0x00007ffbec280000 - 0x00007ffbec3f8000 	C:\Windows\system32\ole32.dll
0x00007ffbeab30000 - 0x00007ffbebf47000 	C:\Windows\system32\SHELL32.dll
0x00007ffbe93e0000 - 0x00007ffbe93fe000 	C:\Windows\SYSTEM32\USERENV.dll
0x00007ffbea770000 - 0x00007ffbea81a000 	C:\Windows\system32\ADVAPI32.dll
0x00007ffbddd60000 - 0x00007ffbddd7b000 	C:\Windows\SYSTEM32\MPR.dll
0x00007ffbea880000 - 0x00007ffbea9b6000 	C:\Windows\system32\RPCRT4.dll
0x00007ffbea3e0000 - 0x00007ffbea437000 	C:\Windows\SYSTEM32\sechost.dll
0x00007ffbec540000 - 0x00007ffbec751000 	C:\Windows\SYSTEM32\combase.dll
0x00007ffbea9d0000 - 0x00007ffbeab20000 	C:\Windows\system32\GDI32.dll
0x00007ffbe9e00000 - 0x00007ffbe9e14000 	C:\Windows\SYSTEM32\profapi.dll
0x00007ffbe84c0000 - 0x00007ffbe855f000 	C:\Windows\SYSTEM32\SHCORE.dll
0x00007ffbea4f0000 - 0x00007ffbea524000 	C:\Windows\system32\IMM32.DLL
0x00007ffbec7c0000 - 0x00007ffbec911000 	C:\Windows\system32\MSCTF.dll
0x00007ffbe7e40000 - 0x00007ffbe80ba000 	C:\Windows\WinSxS\amd64_microsoft.windows.common-controls_6595b64144ccf1df_6.0.9600.17810_none_6240b9c7ecbd0bda\COMCTL32.dll
0x000000006c280000 - 0x000000006c352000 	C:\Program Files\Java\jdk1.8.0_45\jre\bin\msvcr100.dll
0x000000006c700000 - 0x000000006cf83000 	C:\Program Files\Java\jdk1.8.0_45\jre\bin\server\jvm.dll
0x00007ffbe8970000 - 0x00007ffbe8979000 	C:\Windows\SYSTEM32\WSOCK32.dll
0x00007ffbe2a50000 - 0x00007ffbe2a6f000 	C:\Windows\SYSTEM32\WINMM.dll
0x00007ffbe2cc0000 - 0x00007ffbe2cca000 	C:\Windows\SYSTEM32\VERSION.dll
0x00007ffbea9c0000 - 0x00007ffbea9c7000 	C:\Windows\system32\PSAPI.DLL
0x00007ffbec760000 - 0x00007ffbec7b8000 	C:\Windows\system32\WS2_32.dll
0x00007ffbe2a20000 - 0x00007ffbe2a4a000 	C:\Windows\SYSTEM32\WINMMBASE.dll
0x00007ffbea320000 - 0x00007ffbea329000 	C:\Windows\system32\NSI.dll
0x00007ffbea0f0000 - 0x00007ffbea13a000 	C:\Windows\SYSTEM32\cfgmgr32.dll
0x00007ffbe8c80000 - 0x00007ffbe8ca6000 	C:\Windows\SYSTEM32\DEVOBJ.dll
0x000000006c6f0000 - 0x000000006c6ff000 	C:\Program Files\Java\jdk1.8.0_45\jre\bin\verify.dll
0x000000006c6c0000 - 0x000000006c6e9000 	C:\Program Files\Java\jdk1.8.0_45\jre\bin\java.dll
0x000000006c6a0000 - 0x000000006c6b6000 	C:\Program Files\Java\jdk1.8.0_45\jre\bin\zip.dll

VM Arguments:
jvm_args: -Djava.awt.headless=true -Xmx1024M -Dfile.encoding=windows-1252 -Duser.country=ZA -Duser.language=en -Duser.variant 
java_command: com.android.dx.command.Main --dex --force-jumbo --num-threads=4 --output C:\Users\Osman\Desktop\ANDROID 6.3\RestaurantMSAndroid\app\build\intermediates\pre-dexed\debug\com.android.support-support-v4-23.3.0_0d8bba98687fbff27fca137e57c41821aa190e6c.jar C:\Users\Osman\Desktop\ANDROID 6.3\RestaurantMSAndroid\app\build\intermediates\exploded-aar\com.android.support\support-v4\23.3.0\jars\classes.jar
java_class_path (initial): C:\Users\Osman\AppData\Local\Android\Sdk\build-tools\23.0.3\lib\dx.jar
Launcher Type: SUN_STANDARD

Environment Variables:
PATH=C:\oraclexe\app\oracle\product\11.2.0\server\bin;;C:\ProgramData\Oracle\Java\javapath;C:\app\client\Malikah Osmen\product\12.1.0\client_4;C:\app\client\Malikah Osmen\product\12.1.0\client_4\bin;C:\app\client\Malikah Osmen\product\12.1.0\client_3;C:\app\client\Malikah Osmen\product\12.1.0\client_3\bin;C:\app\client\Malikah Osmen\product\12.1.0\client_2;C:\app\client\Malikah Osmen\product\12.1.0\client_2\bin;C:\app\client\Malikah Osmen\product\12.1.0\client_1;C:\app\client\Malikah Osmen\product\12.1.0\client_1\bin;C:\oraclexe\app\oracle\product\11.2.0\server\bin;C:\Windows\system32;C:\Windows;C:\Windows\System32\Wbem;C:\Windows\System32\WindowsPowerShell\v1.0\;C:\Program Files\Microsoft SQL Server\110\Tools\Binn\;C:\Program Files (x86)\Git\cmd;C:\Program Files\Microsoft\Web Platform Installer\;C:\Program Files (x86)\Microsoft ASP.NET\ASP.NET Web Pages\v1.0\;C:\Program Files (x86)\Windows Kits\8.0\Windows Performance Toolkit\;c:\Program Files (x86)\Microsoft SQL Server\100\Tools\Binn\;c:\Program Files\Microsoft SQL Server\100\Tools\Binn\;c:\Program Files\Microsoft SQL Server\100\DTS\Binn\
USERNAME=Osman
OS=Windows_NT
PROCESSOR_IDENTIFIER=Intel64 Family 6 Model 37 Stepping 5, GenuineIntel



---------------  S Y S T E M  ---------------

OS: Windows 8.1 , 64 bit Build 9600 (6.3.9600.17056)

CPU:total 4 (2 cores per cpu, 2 threads per core) family 6 model 37 stepping 5, cmov, cx8, fxsr, mmx, sse, sse2, sse3, ssse3, sse4.1, sse4.2, popcnt, ht, tsc, tscinvbit

Memory: 4k page, physical 2939596k(141260k free), swap 6085324k(92904k free)

vm_info: Java HotSpot(TM) 64-Bit Server VM (25.45-b02) for windows-amd64 JRE (1.8.0_45-b15), built on Apr 30 2015 12:40:44 by "java_re" with MS VC++ 10.0 (VS2010)

time: Fri Jun 10 15:19:10 2016
elapsed time: 43 seconds (0d 0h 0m 43s)

