#
# There is insufficient memory for the Java Runtime Environment to continue.
# Native memory allocation (malloc) failed to allocate 32744 bytes for ChunkPool::allocate
# Possible reasons:
#   The system is out of physical RAM or swap space
#   In 32 bit mode, the process size limit was hit
# Possible solutions:
#   Reduce memory load on the system
#   Increase physical memory or swap space
#   Check if swap backing store is full
#   Use 64 bit Java on a 64 bit OS
#   Decrease Java heap size (-Xmx/-Xms)
#   Decrease number of Java threads
#   Decrease Java thread stack sizes (-Xss)
#   Set larger code cache with -XX:ReservedCodeCacheSize=
# This output file may be truncated or incomplete.
#
#  Out of Memory Error (allocation.cpp:273), pid=2456, tid=5812
#
# JRE version: Java(TM) SE Runtime Environment (8.0_45-b15) (build 1.8.0_45-b15)
# Java VM: Java HotSpot(TM) 64-Bit Server VM (25.45-b02 mixed mode windows-amd64 compressed oops)
# Failed to write core dump. Minidumps are not enabled by default on client versions of Windows
#

---------------  T H R E A D  ---------------

Current thread (0x0000000014f43800):  JavaThread "C1 CompilerThread2" daemon [_thread_in_vm, id=5812, stack(0x00000000166a0000,0x00000000167a0000)]

Stack: [0x00000000166a0000,0x00000000167a0000]
Native frames: (J=compiled Java code, j=interpreted, Vv=VM code, C=native code)
V  [jvm.dll+0x32b57a]


Current CompileTask:
C1:  61822 1323       2       com.android.dx.dex.code.TargetInsn::<init> (29 bytes)


---------------  P R O C E S S  ---------------

Java Threads: ( => current thread )
  0x00000000169e1000 JavaThread "pool-1-thread-4" [_thread_in_Java, id=7768, stack(0x00000000171a0000,0x00000000172a0000)]
  0x00000000169df000 JavaThread "pool-1-thread-3" [_thread_in_Java, id=7156, stack(0x00000000170a0000,0x00000000171a0000)]
  0x000000001690a800 JavaThread "pool-1-thread-2" [_thread_in_Java, id=7952, stack(0x0000000016fa0000,0x00000000170a0000)]
  0x0000000016908000 JavaThread "pool-2-thread-1" [_thread_blocked, id=4652, stack(0x0000000016ea0000,0x0000000016fa0000)]
  0x00000000168fc000 JavaThread "pool-1-thread-1" [_thread_in_Java, id=1452, stack(0x0000000016da0000,0x0000000016ea0000)]
  0x00000000167b4800 JavaThread "Service Thread" daemon [_thread_blocked, id=7552, stack(0x0000000016ba0000,0x0000000016ca0000)]
=>0x0000000014f43800 JavaThread "C1 CompilerThread2" daemon [_thread_in_vm, id=5812, stack(0x00000000166a0000,0x00000000167a0000)]
  0x0000000014f3a000 JavaThread "C2 CompilerThread1" daemon [_thread_in_native, id=8052, stack(0x00000000165a0000,0x00000000166a0000)]
  0x0000000014f49000 JavaThread "C2 CompilerThread0" daemon [_thread_in_native, id=6760, stack(0x00000000164a0000,0x00000000165a0000)]
  0x0000000014f47000 JavaThread "Attach Listener" daemon [_thread_blocked, id=6752, stack(0x00000000163a0000,0x00000000164a0000)]
  0x0000000014f45800 JavaThread "Signal Dispatcher" daemon [_thread_blocked, id=384, stack(0x00000000162a0000,0x00000000163a0000)]
  0x0000000002860800 JavaThread "Finalizer" daemon [_thread_blocked, id=7148, stack(0x00000000161a0000,0x00000000162a0000)]
  0x000000000285d800 JavaThread "Reference Handler" daemon [_thread_blocked, id=6908, stack(0x00000000160a0000,0x00000000161a0000)]
  0x000000000276d800 JavaThread "main" [_thread_in_Java, id=4084, stack(0x0000000002650000,0x0000000002750000)]

Other Threads:
  0x0000000014f08000 VMThread [stack: 0x0000000015fa0000,0x00000000160a0000] [id=828]
  0x00000000167ad800 WatcherThread [stack: 0x0000000016ca0000,0x0000000016da0000] [id=4476]

VM state:not at safepoint (normal execution)

VM Mutex/Monitor currently owned by a thread: None

Heap:
 PSYoungGen      total 26112K, used 20533K [0x00000000eab00000, 0x00000000ef800000, 0x0000000100000000)
  eden space 24576K, 83% used [0x00000000eab00000,0x00000000ebf0d540,0x00000000ec300000)
  from space 1536K, 0% used [0x00000000ec300000,0x00000000ec300000,0x00000000ec480000)
  to   space 14848K, 0% used [0x00000000ee980000,0x00000000ee980000,0x00000000ef800000)
 ParOldGen       total 31744K, used 27130K [0x00000000c0000000, 0x00000000c1f00000, 0x00000000eab00000)
  object space 31744K, 85% used [0x00000000c0000000,0x00000000c1a7eb40,0x00000000c1f00000)
 Metaspace       used 5806K, capacity 6832K, committed 7040K, reserved 1056768K
  class space    used 582K, capacity 616K, committed 640K, reserved 1048576K

Card table byte_map: [0x0000000011c30000,0x0000000011e40000] byte_map_base: 0x0000000011630000

Marking Bits: (ParMarkBitMap*) 0x000000006cf04040
 Begin Bits: [0x00000000123a0000, 0x00000000133a0000)
 End Bits:   [0x00000000133a0000, 0x00000000143a0000)

Polling page: 0x0000000000c50000

CodeCache: size=245760Kb used=5266Kb max_used=5269Kb free=240493Kb
 bounds [0x0000000002870000, 0x0000000002da0000, 0x0000000011870000]
 total_blobs=1571 nmethods=1303 adapters=182
 compilation: enabled

Compilation events (10 events):
Event: 56.057 Thread 0x0000000014f43800 nmethod 1318 0x0000000002d99d90 code [0x0000000002d99ee0, 0x0000000002d9a090]
Event: 56.057 Thread 0x0000000014f43800 1320       2       com.android.dx.util.ListIntSet$1::next (37 bytes)
Event: 56.057 Thread 0x0000000014f43800 nmethod 1320 0x0000000002d99890 code [0x0000000002d99a00, 0x0000000002d99c38]
Event: 56.057 Thread 0x0000000014f43800 1319       2       com.android.dx.util.ListIntSet$1::<init> (15 bytes)
Event: 56.057 Thread 0x0000000014f43800 nmethod 1319 0x0000000002d96b10 code [0x0000000002d96c60, 0x0000000002d96dd0]
Event: 56.062 Thread 0x0000000014f43800 1321       2       java.util.HashMap$HashIterator::nextNode (100 bytes)
Event: 56.063 Thread 0x0000000014f43800 nmethod 1321 0x0000000002d963d0 code [0x0000000002d96560, 0x0000000002d968d8]
Event: 61.594 Thread 0x0000000014f43800 1322       1       com.android.dx.rop.code.Insn$BaseVisitor::visitThrowingCstInsn (1 bytes)
Event: 61.594 Thread 0x0000000014f43800 nmethod 1322 0x0000000002d96110 code [0x0000000002d96260, 0x0000000002d96370]
Event: 61.599 Thread 0x0000000014f43800 1323       2       com.android.dx.dex.code.TargetInsn::<init> (29 bytes)

GC Heap History (10 events):
Event: 51.056 GC heap before
{Heap before GC invocations=2 (full 0):
 PSYoungGen      total 13824K, used 13818K [0x00000000eab00000, 0x00000000eba00000, 0x0000000100000000)
  eden space 12288K, 100% used [0x00000000eab00000,0x00000000eb700000,0x00000000eb700000)
  from space 1536K, 99% used [0x00000000eb700000,0x00000000eb87ebc0,0x00000000eb880000)
  to   space 1536K, 0% used [0x00000000eb880000,0x00000000eb880000,0x00000000eba00000)
 ParOldGen       total 31744K, used 2231K [0x00000000c0000000, 0x00000000c1f00000, 0x00000000eab00000)
  object space 31744K, 7% used [0x00000000c0000000,0x00000000c022dc70,0x00000000c1f00000)
 Metaspace       used 5758K, capacity 6832K, committed 7040K, reserved 1056768K
  class space    used 581K, capacity 616K, committed 640K, reserved 1048576K
Event: 51.233 GC heap after
Heap after GC invocations=2 (full 0):
 PSYoungGen      total 13824K, used 1506K [0x00000000eab00000, 0x00000000ec600000, 0x0000000100000000)
  eden space 12288K, 0% used [0x00000000eab00000,0x00000000eab00000,0x00000000eb700000)
  from space 1536K, 98% used [0x00000000eb880000,0x00000000eb9f8b58,0x00000000eba00000)
  to   space 1536K, 0% used [0x00000000eb700000,0x00000000eb700000,0x00000000eb880000)
 ParOldGen       total 31744K, used 4645K [0x00000000c0000000, 0x00000000c1f00000, 0x00000000eab00000)
  object space 31744K, 14% used [0x00000000c0000000,0x00000000c04897d8,0x00000000c1f00000)
 Metaspace       used 5758K, capacity 6832K, committed 7040K, reserved 1056768K
  class space    used 581K, capacity 616K, committed 640K, reserved 1048576K
}
Event: 53.327 GC heap before
{Heap before GC invocations=3 (full 0):
 PSYoungGen      total 13824K, used 13794K [0x00000000eab00000, 0x00000000ec600000, 0x0000000100000000)
  eden space 12288K, 100% used [0x00000000eab00000,0x00000000eb700000,0x00000000eb700000)
  from space 1536K, 98% used [0x00000000eb880000,0x00000000eb9f8b58,0x00000000eba00000)
  to   space 1536K, 0% used [0x00000000eb700000,0x00000000eb700000,0x00000000eb880000)
 ParOldGen       total 31744K, used 4645K [0x00000000c0000000, 0x00000000c1f00000, 0x00000000eab00000)
  object space 31744K, 14% used [0x00000000c0000000,0x00000000c04897d8,0x00000000c1f00000)
 Metaspace       used 5787K, capacity 6832K, committed 7040K, reserved 1056768K
  class space    used 581K, capacity 616K, committed 640K, reserved 1048576K
Event: 54.112 GC heap after
Heap after GC invocations=3 (full 0):
 PSYoungGen      total 13824K, used 1535K [0x00000000eab00000, 0x00000000ec600000, 0x0000000100000000)
  eden space 12288K, 0% used [0x00000000eab00000,0x00000000eab00000,0x00000000eb700000)
  from space 1536K, 99% used [0x00000000eb700000,0x00000000eb87fec0,0x00000000eb880000)
  to   space 1536K, 0% used [0x00000000ec480000,0x00000000ec480000,0x00000000ec600000)
 ParOldGen       total 31744K, used 9825K [0x00000000c0000000, 0x00000000c1f00000, 0x00000000eab00000)
  object space 31744K, 30% used [0x00000000c0000000,0x00000000c0998730,0x00000000c1f00000)
 Metaspace       used 5787K, capacity 6832K, committed 7040K, reserved 1056768K
  class space    used 581K, capacity 616K, committed 640K, reserved 1048576K
}
Event: 54.857 GC heap before
{Heap before GC invocations=4 (full 0):
 PSYoungGen      total 13824K, used 13823K [0x00000000eab00000, 0x00000000ec600000, 0x0000000100000000)
  eden space 12288K, 100% used [0x00000000eab00000,0x00000000eb700000,0x00000000eb700000)
  from space 1536K, 99% used [0x00000000eb700000,0x00000000eb87fec0,0x00000000eb880000)
  to   space 1536K, 0% used [0x00000000ec480000,0x00000000ec480000,0x00000000ec600000)
 ParOldGen       total 31744K, used 9825K [0x00000000c0000000, 0x00000000c1f00000, 0x00000000eab00000)
  object space 31744K, 30% used [0x00000000c0000000,0x00000000c0998730,0x00000000c1f00000)
 Metaspace       used 5792K, capacity 6832K, committed 7040K, reserved 1056768K
  class space    used 581K, capacity 616K, committed 640K, reserved 1048576K
Event: 55.279 GC heap after
Heap after GC invocations=4 (full 0):
 PSYoungGen      total 26112K, used 1519K [0x00000000eab00000, 0x00000000ec600000, 0x0000000100000000)
  eden space 24576K, 0% used [0x00000000eab00000,0x00000000eab00000,0x00000000ec300000)
  from space 1536K, 98% used [0x00000000ec480000,0x00000000ec5fbe90,0x00000000ec600000)
  to   space 1536K, 0% used [0x00000000ec300000,0x00000000ec300000,0x00000000ec480000)
 ParOldGen       total 31744K, used 18206K [0x00000000c0000000, 0x00000000c1f00000, 0x00000000eab00000)
  object space 31744K, 57% used [0x00000000c0000000,0x00000000c11c7b48,0x00000000c1f00000)
 Metaspace       used 5792K, capacity 6832K, committed 7040K, reserved 1056768K
  class space    used 581K, capacity 616K, committed 640K, reserved 1048576K
}
Event: 56.068 GC heap before
{Heap before GC invocations=5 (full 0):
 PSYoungGen      total 26112K, used 26095K [0x00000000eab00000, 0x00000000ec600000, 0x0000000100000000)
  eden space 24576K, 100% used [0x00000000eab00000,0x00000000ec300000,0x00000000ec300000)
  from space 1536K, 98% used [0x00000000ec480000,0x00000000ec5fbe90,0x00000000ec600000)
  to   space 1536K, 0% used [0x00000000ec300000,0x00000000ec300000,0x00000000ec480000)
 ParOldGen       total 31744K, used 18206K [0x00000000c0000000, 0x00000000c1f00000, 0x00000000eab00000)
  object space 31744K, 57% used [0x00000000c0000000,0x00000000c11c7b48,0x00000000c1f00000)
 Metaspace       used 5804K, capacity 6832K, committed 7040K, reserved 1056768K
  class space    used 582K, capacity 616K, committed 640K, reserved 1048576K
Event: 57.182 GC heap after
Heap after GC invocations=5 (full 0):
 PSYoungGen      total 26112K, used 1535K [0x00000000eab00000, 0x00000000ef800000, 0x0000000100000000)
  eden space 24576K, 0% used [0x00000000eab00000,0x00000000eab00000,0x00000000ec300000)
  from space 1536K, 99% used [0x00000000ec300000,0x00000000ec47fea0,0x00000000ec480000)
  to   space 14848K, 0% used [0x00000000ee980000,0x00000000ee980000,0x00000000ef800000)
 ParOldGen       total 31744K, used 29825K [0x00000000c0000000, 0x00000000c1f00000, 0x00000000eab00000)
  object space 31744K, 93% used [0x00000000c0000000,0x00000000c1d20568,0x00000000c1f00000)
 Metaspace       used 5804K, capacity 6832K, committed 7040K, reserved 1056768K
  class space    used 582K, capacity 616K, committed 640K, reserved 1048576K
}
Event: 57.182 GC heap before
{Heap before GC invocations=6 (full 1):
 PSYoungGen      total 26112K, used 1535K [0x00000000eab00000, 0x00000000ef800000, 0x0000000100000000)
  eden space 24576K, 0% used [0x00000000eab00000,0x00000000eab00000,0x00000000ec300000)
  from space 1536K, 99% used [0x00000000ec300000,0x00000000ec47fea0,0x00000000ec480000)
  to   space 14848K, 0% used [0x00000000ee980000,0x00000000ee980000,0x00000000ef800000)
 ParOldGen       total 31744K, used 29825K [0x00000000c0000000, 0x00000000c1f00000, 0x00000000eab00000)
  object space 31744K, 93% used [0x00000000c0000000,0x00000000c1d20568,0x00000000c1f00000)
 Metaspace       used 5804K, capacity 6832K, committed 7040K, reserved 1056768K
  class space    used 582K, capacity 616K, committed 640K, reserved 1048576K
Event: 61.589 GC heap after
Heap after GC invocations=6 (full 1):
 PSYoungGen      total 26112K, used 0K [0x00000000eab00000, 0x00000000ef800000, 0x0000000100000000)
  eden space 24576K, 0% used [0x00000000eab00000,0x00000000eab00000,0x00000000ec300000)
  from space 1536K, 0% used [0x00000000ec300000,0x00000000ec300000,0x00000000ec480000)
  to   space 14848K, 0% used [0x00000000ee980000,0x00000000ee980000,0x00000000ef800000)
 ParOldGen       total 31744K, used 27130K [0x00000000c0000000, 0x00000000c1f00000, 0x00000000eab00000)
  object space 31744K, 85% used [0x00000000c0000000,0x00000000c1a7eb40,0x00000000c1f00000)
 Metaspace       used 5804K, capacity 6832K, committed 7040K, reserved 1056768K
  class space    used 582K, capacity 616K, committed 640K, reserved 1048576K
}

Deoptimization events (10 events):
Event: 50.472 Thread 0x000000001690a800 Uncommon trap: reason=unstable_if action=reinterpret pc=0x0000000002b15fa4 method=java.util.HashMap.getNode(ILjava/lang/Object;)Ljava/util/HashMap$Node; @ 129
Event: 50.473 Thread 0x000000001690a800 Uncommon trap: reason=unstable_if action=reinterpret pc=0x0000000002be130c method=com.android.dx.ssa.NormalSsaInsn.getLocalAssignment()Lcom/android/dx/rop/code/RegisterSpec; @ 12
Event: 50.473 Thread 0x000000001690a800 Uncommon trap: reason=unstable_if action=reinterpret pc=0x0000000002bd12fc method=com.android.dx.ssa.NormalSsaInsn.getLocalAssignment()Lcom/android/dx/rop/code/RegisterSpec; @ 12
Event: 50.474 Thread 0x000000001690a800 Uncommon trap: reason=unstable_if action=reinterpret pc=0x0000000002bd44bc method=com.android.dx.ssa.NormalSsaInsn.getLocalAssignment()Lcom/android/dx/rop/code/RegisterSpec; @ 12
Event: 50.474 Thread 0x000000001690a800 Uncommon trap: reason=unstable_if action=reinterpret pc=0x0000000002b9fff0 method=com.android.dx.ssa.NormalSsaInsn.getLocalAssignment()Lcom/android/dx/rop/code/RegisterSpec; @ 12
Event: 50.482 Thread 0x000000001690a800 Uncommon trap: reason=unstable_if action=reinterpret pc=0x0000000002ba0aa4 method=com.android.dx.rop.code.RegisterSpec.equals(ILcom/android/dx/rop/type/TypeBearer;Lcom/android/dx/rop/code/LocalItem;)Z @ 24
Event: 50.484 Thread 0x000000001690a800 Uncommon trap: reason=unstable_if action=reinterpret pc=0x0000000002be19e8 method=com.android.dx.ssa.NormalSsaInsn.getLocalAssignment()Lcom/android/dx/rop/code/RegisterSpec; @ 12
Event: 50.520 Thread 0x00000000169df000 Uncommon trap: reason=unstable_if action=reinterpret pc=0x0000000002b9044c method=com.android.dx.rop.code.RegisterSpec.equals(ILcom/android/dx/rop/type/TypeBearer;Lcom/android/dx/rop/code/LocalItem;)Z @ 24
Event: 51.334 Thread 0x000000001690a800 Uncommon trap: reason=unstable_if action=reinterpret pc=0x0000000002cb3290 method=com.android.dx.rop.code.RegisterSpec.equals(ILcom/android/dx/rop/type/TypeBearer;Lcom/android/dx/rop/code/LocalItem;)Z @ 16
Event: 51.334 Thread 0x000000001690a800 Uncommon trap: reason=class_check action=maybe_recompile pc=0x0000000002b91c30 method=com.android.dx.rop.type.Type.equals(Ljava/lang/Object;)Z @ 8

Internal exceptions (3 events):
Event: 39.449 Thread 0x000000000276d800 Exception <a 'java/lang/NoSuchMethodError': Method sun.misc.Unsafe.defineClass(Ljava/lang/String;[BII)Ljava/lang/Class; name or signature does not match> (0x00000000eab0d7d0) thrown at [C:\re\workspace\8-2-build-windows-amd64-cygwin\jdk8u45\3627\hotspot\srëxR•s¹C@
Event: 39.449 Thread 0x000000000276d800 Exception <a 'java/lang/NoSuchMethodError': Method sun.misc.Unsafe.prefetchRead(Ljava/lang/Object;J)V name or signature does not match> (0x00000000eab0da60) thrown at [C:\re\workspace\8-2-build-windows-amd64-cygwin\jdk8u45\3627\hotspot\src\share\vm\prims\jaü¤?f<I@
Event: 50.472 Thread 0x000000001690a800 Implicit null exception at 0x0000000002b54e79 to 0x0000000002b56811

Events (10 events):
Event: 55.577 loading class com/android/dx/util/ListIntSet
Event: 55.577 loading class com/android/dx/util/ListIntSet done
Event: 55.578 Executing VM operation: Deoptimize
Event: 55.981 Executing VM operation: Deoptimize done
Event: 56.035 loading class com/android/dx/util/ListIntSet$1
Event: 56.035 loading class com/android/dx/util/ListIntSet$1 done
Event: 56.036 Executing VM operation: Deoptimize
Event: 56.038 Executing VM operation: Deoptimize done
Event: 56.065 Executing VM operation: ParallelGCFailedAllocation
Event: 61.589 Executing VM operation: ParallelGCFailedAllocation done


Dynamic libraries:
0x00007ff6e6660000 - 0x00007ff6e6697000 	C:\Program Files\Java\jdk1.8.0_45\bin\java.exe
0x00007ffbedd80000 - 0x00007ffbedf2d000 	C:\Windows\SYSTEM32\ntdll.dll
0x00007ffbec400000 - 0x00007ffbec53a000 	C:\Windows\system32\KERNEL32.DLL
0x00007ffbdfae0000 - 0x00007ffbdfb12000 	C:\Program Files (x86)\AVG\AVG2015\avghooka.dll
0x00007ffbe9fd0000 - 0x00007ffbea0e5000 	C:\Windows\system32\KERNELBASE.dll
0x00007ffbe8a80000 - 0x00007ffbe8b08000 	C:\Windows\system32\apphelp.dll
0x00007ffbd9d20000 - 0x00007ffbd9d6f000 	C:\Windows\AppPatch\AppPatch64\AcGenral.DLL
0x00007ffbea440000 - 0x00007ffbea4e7000 	C:\Windows\system32\msvcrt.dll
0x00007ffbe9be0000 - 0x00007ffbe9c0b000 	C:\Windows\SYSTEM32\SspiCli.dll
0x00007ffbec210000 - 0x00007ffbec261000 	C:\Windows\system32\SHLWAPI.dll
0x00007ffbec030000 - 0x00007ffbec1a1000 	C:\Windows\system32\USER32.dll
0x00007ffbec280000 - 0x00007ffbec3f8000 	C:\Windows\system32\ole32.dll
0x00007ffbeab30000 - 0x00007ffbebf47000 	C:\Windows\system32\SHELL32.dll
0x00007ffbe93e0000 - 0x00007ffbe93fe000 	C:\Windows\SYSTEM32\USERENV.dll
0x00007ffbea770000 - 0x00007ffbea81a000 	C:\Windows\system32\ADVAPI32.dll
0x00007ffbddd60000 - 0x00007ffbddd7b000 	C:\Windows\SYSTEM32\MPR.dll
0x00007ffbea880000 - 0x00007ffbea9b6000 	C:\Windows\system32\RPCRT4.dll
0x00007ffbea3e0000 - 0x00007ffbea437000 	C:\Windows\SYSTEM32\sechost.dll
0x00007ffbec540000 - 0x00007ffbec751000 	C:\Windows\SYSTEM32\combase.dll
0x00007ffbea9d0000 - 0x00007ffbeab20000 	C:\Windows\system32\GDI32.dll
0x00007ffbe9e00000 - 0x00007ffbe9e14000 	C:\Windows\SYSTEM32\profapi.dll
0x00007ffbe84c0000 - 0x00007ffbe855f000 	C:\Windows\SYSTEM32\SHCORE.dll
0x00007ffbea4f0000 - 0x00007ffbea524000 	C:\Windows\system32\IMM32.DLL
0x00007ffbec7c0000 - 0x00007ffbec911000 	C:\Windows\system32\MSCTF.dll
0x00007ffbe7e40000 - 0x00007ffbe80ba000 	C:\Windows\WinSxS\amd64_microsoft.windows.common-controls_6595b64144ccf1df_6.0.9600.17810_none_6240b9c7ecbd0bda\COMCTL32.dll
0x000000006c280000 - 0x000000006c352000 	C:\Program Files\Java\jdk1.8.0_45\jre\bin\msvcr100.dll
0x000000006c700000 - 0x000000006cf83000 	C:\Program Files\Java\jdk1.8.0_45\jre\bin\server\jvm.dll
0x00007ffbe89d0000 - 0x00007ffbe89d9000 	C:\Windows\SYSTEM32\WSOCK32.dll
0x00007ffbe2a50000 - 0x00007ffbe2a6f000 	C:\Windows\SYSTEM32\WINMM.dll
0x00007ffbe2cc0000 - 0x00007ffbe2cca000 	C:\Windows\SYSTEM32\VERSION.dll
0x00007ffbea9c0000 - 0x00007ffbea9c7000 	C:\Windows\system32\PSAPI.DLL
0x00007ffbec760000 - 0x00007ffbec7b8000 	C:\Windows\system32\WS2_32.dll
0x00007ffbe2a20000 - 0x00007ffbe2a4a000 	C:\Windows\SYSTEM32\WINMMBASE.dll
0x00007ffbea320000 - 0x00007ffbea329000 	C:\Windows\system32\NSI.dll
0x00007ffbea0f0000 - 0x00007ffbea13a000 	C:\Windows\SYSTEM32\cfgmgr32.dll
0x00007ffbe8c80000 - 0x00007ffbe8ca6000 	C:\Windows\SYSTEM32\DEVOBJ.dll
0x000000006c6f0000 - 0x000000006c6ff000 	C:\Program Files\Java\jdk1.8.0_45\jre\bin\verify.dll
0x000000006c6c0000 - 0x000000006c6e9000 	C:\Program Files\Java\jdk1.8.0_45\jre\bin\java.dll
0x000000006c6a0000 - 0x000000006c6b6000 	C:\Program Files\Java\jdk1.8.0_45\jre\bin\zip.dll

VM Arguments:
jvm_args: -Djava.awt.headless=true -Xmx1024M -Dfile.encoding=windows-1252 -Duser.country=ZA -Duser.language=en -Duser.variant 
java_command: com.android.dx.command.Main --dex --force-jumbo --num-threads=4 --output C:\Users\Osman\Desktop\ANDROID 6.3\RestaurantMSAndroid\app\build\intermediates\pre-dexed\debug\main_fe5434ac74300d5c44693de8eb365560ed2b8645.jar C:\Users\Osman\Desktop\ANDROID 6.3\RestaurantMSAndroid\app\build\intermediates\transforms\instantRun\debug\folders\1\5\main
java_class_path (initial): C:\Users\Osman\AppData\Local\Android\Sdk\build-tools\23.0.3\lib\dx.jar
Launcher Type: SUN_STANDARD

Environment Variables:
PATH=C:\oraclexe\app\oracle\product\11.2.0\server\bin;;C:\ProgramData\Oracle\Java\javapath;C:\app\client\Malikah Osmen\product\12.1.0\client_4;C:\app\client\Malikah Osmen\product\12.1.0\client_4\bin;C:\app\client\Malikah Osmen\product\12.1.0\client_3;C:\app\client\Malikah Osmen\product\12.1.0\client_3\bin;C:\app\client\Malikah Osmen\product\12.1.0\client_2;C:\app\client\Malikah Osmen\product\12.1.0\client_2\bin;C:\app\client\Malikah Osmen\product\12.1.0\client_1;C:\app\client\Malikah Osmen\product\12.1.0\client_1\bin;C:\oraclexe\app\oracle\product\11.2.0\server\bin;C:\Windows\system32;C:\Windows;C:\Windows\System32\Wbem;C:\Windows\System32\WindowsPowerShell\v1.0\;C:\Program Files\Microsoft SQL Server\110\Tools\Binn\;C:\Program Files (x86)\Git\cmd;C:\Program Files\Microsoft\Web Platform Installer\;C:\Program Files (x86)\Microsoft ASP.NET\ASP.NET Web Pages\v1.0\;C:\Program Files (x86)\Windows Kits\8.0\Windows Performance Toolkit\;c:\Program Files (x86)\Microsoft SQL Server\100\Tools\Binn\;c:\Program Files\Microsoft SQL Server\100\Tools\Binn\;c:\Program Files\Microsoft SQL Server\100\DTS\Binn\
USERNAME=Osman
OS=Windows_NT
PROCESSOR_IDENTIFIER=Intel64 Family 6 Model 37 Stepping 5, GenuineIntel



---------------  S Y S T E M  ---------------

OS: Windows 8.1 , 64 bit Build 9600 (6.3.9600.17056)

CPU:total 4 (2 cores per cpu, 2 threads per core) family 6 model 37 stepping 5, cmov, cx8, fxsr, mmx, sse, sse2, sse3, ssse3, sse4.1, sse4.2, popcnt, ht, tsc, tscinvbit

Memory: 4k page, physical 2939596k(163560k free), swap 6085324k(4956k free)

vm_info: Java HotSpot(TM) 64-Bit Server VM (25.45-b02) for windows-amd64 JRE (1.8.0_45-b15), built on Apr 30 2015 12:40:44 by "java_re" with MS VC++ 10.0 (VS2010)

time: Fri Jun 10 13:52:05 2016
elapsed time: 63 seconds (0d 0h 1m 3s)

